--- Job SDG USA Model With Unified Demographics and Social.gms Start 06/09/22 00:12:33 37.1.0 r07954d5 WEX-WEI x86 64bit/MS Windows
--- Applying:
    C:\GAMS\37\gmsprmNT.txt
--- GAMS Parameters defined
    Input "D:\Github\Wi2050\SDG USA Model\SDG USA Model With Unified Demographics and Social.gms"
    PageSize 0
    ScrDir "D:\Github\Wi2050\SDG USA Model\225a\"
    SysDir C:\GAMS\37\
    LogOption 3
    ErrMsg 1
    ErrorLog 99
    IDE 1
    LstTitleLeftAligned 1
Licensee: Large MUD - 20 User License                    G211208|0002AR-WIN
          Columbia University, Earth Institute                       DC4533
          C:\Users\weiti\OneDrive\Documents\GAMS\gamslice.txt
          License Admin: Jeffrey Sachs, sachs@columbia.edu                 
Processor information: 1 socket(s), 6 core(s), and 12 thread(s) available
GAMS 37.1.0   Copyright (C) 1987-2021 GAMS Development. All rights reserved
--- Starting compilation
--- SDG USA Model With Unified Demographics and Social.gms(204) 3 Mb
--- call GDXXRW usadatainput.xlsx Index=Index!a1 trace=3

GDXXRW           37.1.0 r07954d5 Released Nov 11, 2021 WEI x86 64bit/MS Window
Excel version 16.0
Input file : D:\Github\Wi2050\SDG USA Model\usadatainput.xlsx
Output file: D:\Github\Wi2050\SDG USA Model\usadatainput.gdx
Substituting Index
Loading sheet Index
Reading data from Excel; Rng = A1:E7
Reading Slice: A1:E7
par=D1 Rng=popg0!A1 Dim=2 Rdim=1
par=D2 Rng=fert0!A1 Dim=2 Rdim=1
par=D3 Rng=surv0!A1 Dim=2 Rdim=1
par=D4 Rng=w0!A1 Dim=3 Rdim=2
par=D5 Rng=s0!A1 Dim=2 Rdim=1
par=D6 Rng=ferthic0!A1 Dim=2 Rdim=1
Type Symbol       Dim      Sheet                Data          RowHeader     ColHeader     
Loading sheet popg0
Reading data from Excel; Rng = A1:C101
Reading Slice: A1:C101
Par  D1             2      popg0                B2:C101       A2:A101       B1:C1         
Loading sheet fert0
Reading data from Excel; Rng = A1:B36
Reading Slice: A1:B36
Par  D2             2      fert0                B2:B36        A2:A36        B1:B1         
Loading sheet surv0
Reading data from Excel; Rng = A1:E100
Reading Slice: A1:E100
Par  D3             2      surv0                B2:E100       A2:A100       B1:E1         
Loading sheet w0
Reading data from Excel; Rng = A1:D302
Reading Slice: A1:D302
Par  D4             3      w0                   C2:D302       A2:B302       C1:D1         
Loading sheet s0
Reading data from Excel; Rng = A1:C18
Reading Slice: A1:C18
Par  D5             2      s0                   B2:C18        A2:A18        B1:C1         
Loading sheet ferthic0
Reading data from Excel; Rng = A1:B36
Reading Slice: A1:B36
Par  D6             2      ferthic0             B2:B36        A2:A36        B1:B1         
Total time = 860 Ms
--- SDG USA Model With Unified Demographics and Social.gms(205) 3 Mb
--- GDXin=D:\Github\Wi2050\SDG USA Model\usadatainput.gdx
--- GDX File ($gdxIn) D:\Github\Wi2050\SDG USA Model\usadatainput.gdx
--- SDG USA Model With Unified Demographics and Social.gms(841) 3 Mb
--- Starting execution: elapsed 0:00:01.115
--- SDG USA Model With Unified Demographics and Social.gms(750) 5 Mb
--- Generating DNLP model sdgfinance
--- SDG USA Model With Unified Demographics and Social.gms(755) 48 Mb
--- LOOPS scen = low
---   143,034 rows  145,434 columns  349,795 non-zeroes
---   96,806 nl-code  27,743 nl-non-zeroes
--- SDG USA Model With Unified Demographics and Social.gms(755) 46 Mb
--- Executing CONOPT (Solvelink=2): elapsed 0:00:01.700

CONOPT 3         37.1.0 r07954d5 Released Nov 11, 2021 WEI x86 64bit/MS Window

 
 
    C O N O P T 3   version 3.17K
    Copyright (C)   ARKI Consulting and Development A/S
                    Bagsvaerdvej 246 A
                    DK-2880 Bagsvaerd, Denmark
 
 
   Iter Phase Ninf   Infeasibility   RGmax    NSB   Step InItr MX OK
      0   0        8.5525503045E+04 (Input point)
 
                   Pre-triangular equations:   123996
                   Post-triangular equations:  2161
                   Definitional equations:     15266
 
      1   0        1.8184293322E+05 (After pre-processing)
      2   0        1.5410849074E+03 (After scaling)
      3   0        1.5410849074E+03
      4   0   925  1.5410849074E+03               0.0E+00      T  T
      5   0   925  1.5410849074E+03               0.0E+00      T  T
      6   0   925  1.5410849074E+03               0.0E+00      T  T
      7   0   925  1.5410849074E+03               0.0E+00      T  T
      8   0   925  1.5410849074E+03               0.0E+00      T  T
      9   0   925  1.5410849074E+03               0.0E+00      T  T
 
   Iter Phase Ninf   Infeasibility   RGmax    NSB   Step InItr MX OK
     10   0   925  1.5410849074E+03               0.0E+00      T  T
     11   0   925  1.5410849074E+03               0.0E+00      T  T
     12   0   925  1.5410849074E+03               0.0E+00      T  T
     13   0   925  1.5410849074E+03               0.0E+00      T  T
     14   0   925  1.5410849074E+03               0.0E+00      T  T
     15   0   925  1.5410849074E+03               0.0E+00      T  T
     16   0   925  1.5410849074E+03               0.0E+00      T  T
     17   0   925  1.5410849074E+03               0.0E+00      T  T
     18   0   925  1.5410849074E+03               0.0E+00      T  T
     19   0   925  1.5410849074E+03               0.0E+00      T  T
 
   Iter Phase Ninf   Infeasibility   RGmax    NSB   Step InItr MX OK
     20   0   925  1.5410849074E+03               0.0E+00      T  T
     21   0   925  1.5410849074E+03               0.0E+00      T  T
     22   0   925  1.5410849074E+03               0.0E+00      T  T
     23   0   925  1.5410849062E+03               1.0E+00      F  T
     24   1   925  1.5410848169E+03 3.9E+12     1 2.8E-32      F  T
     25   1   924  1.5410848062E+03 2.9E+14     1 1.4E-34      T  T
     26   1   924  1.5410847876E+03 1.8E+10     1 3.0E-25      F  T
     27   1   924  1.5410846583E+03 1.7E+09    28 3.3E-23      F  T
     28   2   924  1.5410846292E+03 3.0E+08    28 7.0E-16      F  T
     29   2   923  1.5410846003E+03 2.6E+07    28 1.0E+00    5 T  T
 
   Iter Phase Ninf   Infeasibility   RGmax    NSB   Step InItr MX OK
     30   2   923  1.5410845999E+03 3.0E+07    27 1.0E+00   20 T  T
     31   2   923  1.5410844677E+03 3.0E+07    27 5.9E+00    7 T  T
     32   2   923  1.5410841712E+03 6.7E+06    27 5.9E+00    1 T  T
     33   2   923  1.5410835059E+03 1.5E+06    27 5.9E+00    1 T  T
     34   2   922  1.5410821269E+03 3.4E+05    27 5.1E+00    1 T  T
     35   1   921  1.5410821010E+03 8.2E+04    26 2.1E-16      T  T
     36   1   920  1.5410820998E+03 8.2E+04    25 1.0E-17      T  T
     37   1   919  1.5410820948E+03 8.2E+04    24 4.3E-17      T  T
     38   1   918  1.5410820905E+03 8.2E+04    23 3.9E-17      T  T
     39   1   917  1.5410820571E+03 8.2E+04    22 3.2E-16      T  T
 
   Iter Phase Ninf   Infeasibility   RGmax    NSB   Step InItr MX OK
     40   1   913  1.5410820460E+03 7.6E+04    21 1.0E+00    3 T  T
     41   1   905  1.5410820247E+03 7.4E+04    18 1.0E+00    8 T  T
     42   1   905  1.5409306480E+03 7.2E+04    10 1.9E-01   10 F  F
     43   1   905  1.5408137155E+03 0.0E+00    10 1.8E-01   10 F  F
     44   1   904  1.5408137152E+03 3.0E+00    10 1.7E-08      T  T
     45   1   903  1.5407248872E+03 4.8E+02    42 2.3E-08      T  T
     46   1   902  1.5397403433E+03 4.8E+02    41 2.8E-07      T  T
     47   1   900  1.5389783645E+03 4.8E+02    40 2.6E-07      T  T
     48   1   897  1.5355479441E+03 3.0E+02    38 1.0E+00    3 T  T
     49   1   897  1.5346109011E+03 9.4E+08    35 2.5E-01    2 F  F
 
   Iter Phase Ninf   Infeasibility   RGmax    NSB   Step InItr MX OK
     50   1   897  1.5338438115E+03 9.7E+08    35 2.5E-01    2 F  F
     51   1   897  1.5338023533E+03 1.0E+09    35 4.1E-20      F  F
     52   1   897  1.5337407651E+03 3.2E+09    35 6.9E-21      F  F
     53   1   896  1.5337125327E+03 5.4E+01    35 4.1E-07      T  T
     54   1   896  1.5329849738E+03 1.9E+02    56 1.1E-06      F  F
     55   1   896  1.5316853869E+03 1.3E+02    56 4.9E-06      F  F
     56   1   896  1.5288481807E+03 5.6E+01    56 6.4E-05      F  F
     57   1   896  1.5280313001E+03 1.4E+01    56 2.2E-04      F  F
     58   1   895  1.5279860491E+03 3.8E+01    71 2.7E-06      T  T
     59   1   894  1.5279849735E+03 3.8E+01    70 8.2E-08      T  T
 
   Iter Phase Ninf   Infeasibility   RGmax    NSB   Step InItr MX OK
     60   1   893  1.5279696904E+03 3.8E+01    69 1.5E-06      T  T
     61   1   892  1.5279609587E+03 3.8E+01    68 9.1E-07      T  T
     62   1   891  1.5279197596E+03 3.8E+01    67 4.3E-06      T  T
     63   1   866  1.5278904851E+03 3.8E+01    66 3.1E-06      T  T
     64   1   797  1.5278734959E+03 3.5E+01    65 1.0E+00    3 T  T
     65   1   797  1.5277485221E+03 3.0E+08    63 1.9E-01    8 F  F
     66   1   755  1.5276978850E+03 2.4E+02    63 1.0E+00    5 T  T
     67   1   755  1.5275479762E+03 6.2E+08    60 1.9E-01    5 F  F
     68   1   754  1.5275270578E+03 5.6E+08    64 3.1E-01    5 F  F
     69   1   754  1.5275267176E+03 2.2E+02    62 6.6E-09      T  T
 
   Iter Phase Ninf   Infeasibility   RGmax    NSB   Step InItr MX OK
     70   1   735  1.5275194004E+03 2.4E+01    61 3.3E-06      T  T
     71   1   718  1.5274956215E+03 2.4E+01    60 1.2E-05      T  T
     72   1   702  1.5274915081E+03 2.1E+01    59 2.9E-06      T  T
     73   1   701  1.5274914896E+03 2.3E+02    62 3.3E-10      T  T
     74   1   698  1.5274797347E+03 2.6E+01    63 1.0E+00    3 T  T
     75   1   659  1.5273737484E+03 1.3E+02    63 1.0E+00    8 T  T
     76   1   659  1.5267950956E+03 5.8E+08    65 1.9E-01   10 F  F
     77   1   645  1.5267451825E+03 5.3E+08   114 1.0E+00    7 T  T
     78   1   583  1.5265682829E+03 1.9E+01   107 1.0E+00    7 T  T
     79   1   543  1.5264876914E+03 2.5E+01    77 1.0E+00   13 T  T
 
   Iter Phase Ninf   Infeasibility   RGmax    NSB   Step InItr MX OK
     80   1   543  1.5261014521E+03 2.3E+09    65 2.9E-01   17 F  F
     81   1   543  1.5260381292E+03 2.3E+09    26 3.1E-01    6 F  F
     82   1   543  1.5260183564E+03 2.2E+09    65 1.0E-21      F  F
     83   1   543  1.5260041720E+03 1.3E+10    65 8.4E-23      F  F
     84   1   543  1.5259911600E+03 2.2E+09    65 1.0E-21      F  F
     85   1   543  1.5259757337E+03 1.4E+10    65 9.0E-23      F  F
     86   1   543  1.5259634112E+03 1.8E+09    65 2.0E-21      F  F
     87   1   543  1.5259499157E+03 8.4E+09    65 2.0E-22      F  F
     88   1   543  1.5259337822E+03 1.2E+09    65 1.0E-20      F  T
     89   1   543  1.5259237559E+03 1.2E+09    65 7.4E-21      F  F
 
   Iter Phase Ninf   Infeasibility   RGmax    NSB   Step InItr MX OK
     90   1   543  1.5259193394E+03 1.1E+09    65 3.6E-21      F  F
     91   1   543  1.5259080809E+03 7.2E+09    65 2.4E-22      F  F
     92   1   543  1.5259057616E+03 1.0E+09    65 2.5E-21      F  T
     93   1   543  1.5258999824E+03 9.8E+08    65 6.4E-21      F  F
     94   1   543  1.5258953772E+03 8.3E+08    65 8.2E-21      F  F
     95   1   543  1.5258953767E+03 7.4E+06    65 4.6E-21      F  T
     96   2   543  1.5258953767E+03 3.1E+05    65 5.0E-15      F  T
     97   2   542  1.5258871027E+03 3.5E+05    65 1.0E+00   11 T  T
     98   2   542  1.5258435048E+03 3.0E+08    64 6.2E-01    8 F  T
     99   2   542  1.5253086942E+03 6.2E+09    62 7.6E-01    2 F  F
 
   Iter Phase Ninf   Infeasibility   RGmax    NSB   Step InItr MX OK
    100   2   542  1.5247931815E+03 5.1E+09    60 3.7E-01      F  F
    101   2   542  1.5244859894E+03 8.5E+09    60 3.0E-01    2 F  F
    102   1   542  1.5244844586E+03 5.1E+09    64 1.9E-22      F  T
    103   1   542  1.5244768778E+03 3.3E+09    64 3.8E-22      F  F
    104   1   542  1.5244688973E+03 6.6E+09    64 1.3E-22      F  F
    105   1   542  1.5244459807E+03 1.3E+10    64 8.1E-23      F  F
    106   1   542  1.5244415219E+03 7.8E+09    64 8.5E-23      F  F
    107   1   542  1.5244394810E+03 7.9E+08    64 1.6E-21      F  T
    108   1   542  1.5244389211E+03 4.3E+08    64 2.5E-21      F  T
    109   2   542  1.5244389151E+03 1.3E+08    64 2.5E-15      F  T
 
   Iter Phase Ninf   Infeasibility   RGmax    NSB   Step InItr MX OK
    110   2   529  1.5244381869E+03 1.0E+08    64 1.0E+00    6 T  T
    111   2   529  1.5240629531E+03 5.8E+08    63 7.4E+00    4 T  F
    112   2   529  1.5240527442E+03 8.6E+09    62 1.4E-01      F  T
    113   2   529  1.5239699679E+03 1.8E+09    62 6.1E-01    6 F  T
    114   2   529  1.5238188034E+03 9.1E+08    59 3.2E-01    1 F  F
    115   2   529  1.5231745385E+03 8.2E+08    58 5.4E-01    1 F  F
    116   2   529  1.5231743333E+03 4.9E+08    57 1.0E+00    1 T  T
    117   2   529  1.5230096355E+03 8.9E+02    57 4.3E-01    2 F  F
    118   2   529  1.5230069164E+03 1.8E+09    45 1.4E+00    2 T  T
    119   2   529  1.5222719983E+03 1.7E+08    57 3.4E-01    1 F  F
 
   Iter Phase Ninf   Infeasibility   RGmax    NSB   Step InItr MX OK
    120   2   529  1.5222603297E+03 1.1E+07    56 5.0E-01    1 F  T
    121   2   529  1.5221896398E+03 1.4E+07    50 2.0E+00    1 T  T
    122   2   529  1.5219228191E+03 3.3E+06    57 8.6E-01    2 F  T
    123   2   528  1.5212587942E+03 7.1E+00    55 9.5E-01    1 F  F
    124   2   528  1.5207858897E+03 7.1E+00    54 6.4E-01    1 F  F
    125   2   527  1.5200775046E+03 3.5E+00    53 1.0E+00    1 T  T
    126   2   527  1.5198911118E+03 1.9E+00    52 4.7E-01    1 F  F
    127   2   527  1.5183992595E+03 1.9E+00    51 9.3E-01    1 F  T
    128   2   527  1.5172267719E+03 1.7E+01    50 9.5E-01    2 F  T
    129   2   527  1.5172248673E+03 9.7E+04    51 1.1E+00    1 T  T
 
   Iter Phase Ninf   Infeasibility   RGmax    NSB   Step InItr MX OK
    130   2   527  1.5171874215E+03 2.9E+04    51 6.9E-01    2 F  F
    131   2   527  1.5171776197E+03 6.3E+02    51 7.9E-03      F  F
    132   1   526  1.5171775308E+03 3.7E+01    66 4.2E-08      T  T
    133   1   526  1.5171714431E+03 3.2E+01    65 3.4E-06      F  F
    134   1   526  1.5171560673E+03 2.9E+01    65 1.0E-05      T  T
    135   1   526  1.5170806250E+03 2.9E+01    64 9.4E-05      F  F
    136   1   519  1.5170654825E+03 6.6E+00    64 8.3E-05      T  T
    137   1   518  1.5169662546E+03 6.6E+00    63 1.4E-03      T  T
    138   1   518  1.5168927717E+03 2.1E+09    66 3.1E-01    3 F  F
    139   1   518  1.5168926613E+03 3.8E+03   116 9.6E-02   10 F  T
 
   Iter Phase Ninf   Infeasibility   RGmax    NSB   Step InItr MX OK
    140   1   518  1.5168926385E+03 3.2E+03   116 2.7E-12      F  T
    141   1   518  1.5168926379E+03 4.5E+02   116 2.4E-12      F  T
    142   2   517  1.5168926109E+03 2.6E+01   116 1.2E-01      T  T
    143   2   515  1.5168926054E+03 2.6E+01   115 2.6E-02      T  T
    144   2   515  1.5168926054E+03 2.6E+01   114 0.0E+00      T  T
    145   2   513  1.5168926032E+03 2.6E+01   113 1.0E-02      T  T
    146   2   513  1.5168926032E+03 2.6E+01   112 0.0E+00      T  T
    147   2   512  1.5168925974E+03 2.6E+01   111 2.6E-02      T  T
    148   2   509  1.5168925948E+03 2.6E+01   110 1.3E-02      T  T
    149   2   509  1.5168925948E+03 2.6E+01   109 0.0E+00      T  T
 
   Iter Phase Ninf   Infeasibility   RGmax    NSB   Step InItr MX OK
    150   2   509  1.5168925948E+03 2.6E+01   108 0.0E+00      T  T
    151   2   508  1.5168925576E+03 2.6E+01   107 1.8E-01      T  T
    152   2   507  1.5168924592E+03 2.5E+01   106 4.7E-01      T  T
    153   2   506  1.5168923558E+03 2.5E+01   105 4.9E-01      T  T
    154   2   506  1.5168917912E+03 2.5E+01   104 2.7E+00      T  T
    155   2   505  1.5168911199E+03 2.5E+01   103 3.2E+00      T  T
    156   1   505  1.5168911200E+03 2.5E+01   102 6.2E-12      F  F
    157   1   505  1.5168911199E+03 1.7E+02   102 5.7E-12      F  T
    158   2   504  1.5168868312E+03 1.0E+01   103 2.1E+01      T  T
    159   1   504  1.5168868311E+03 1.5E+02   102 6.7E-12      F  T
 
   Iter Phase Ninf   Infeasibility   RGmax    NSB   Step InItr MX OK
    160   1   504  1.5168868311E+03 9.8E+00   145 2.1E-11      F  T
    161   2   503  1.5168864844E+03 2.3E+01   145 3.8E-01      T  T
    162   1   503  1.5168864844E+03 2.3E+01   144 9.9E-12      F  T
    163   1   503  1.5168864844E+03 1.2E+01   144 1.6E-11      F  T
    164   1   503  1.5168864844E+03 1.8E+01   144 1.2E-11      F  T
    165   2   502  1.5168856146E+03 1.6E+01   144 2.0E+00      T  T
    166   1   502  1.5168856146E+03 1.4E+01   143 1.4E-11      F  T
    167   1   502  1.5168856146E+03 1.8E+01   143 1.2E-11      F  T
    168   2   501  1.5168852246E+03 1.6E+01   143 8.9E-01      T  T
    169   1   501  1.5168852246E+03 1.6E+01   142 1.2E-11      F  T
 
   Iter Phase Ninf   Infeasibility   RGmax    NSB   Step InItr MX OK
    170   1   501  1.5168852246E+03 1.6E+01   142 1.4E-11      F  T
    171   2   500  1.5168849286E+03 1.8E+01   142 5.9E-01      T  T
    172   1   500  1.5168849286E+03 1.8E+01   141 1.1E-11      F  T
    173   1   500  1.5168849286E+03 1.3E+01   141 1.7E-11      F  T
    174   2   499  1.5168821264E+03 2.1E+01   141 4.6E+00      T  T
    175   1   499  1.5168821264E+03 1.9E+01   140 1.1E-11      F  T
    176   1   499  1.5168821264E+03 1.8E+01   140 1.3E-11      F  T
    177   2   499  1.5168783806E+03 1.5E+01   140 9.1E+00      T  T
    178   2   498  1.5168586398E+03 5.8E+00   139 6.2E+01      T  T
    179   1   498  1.5168586389E+03 3.4E+02   138 1.3E-11      F  T
 
   Iter Phase Ninf   Infeasibility   RGmax    NSB   Step InItr MX OK
    180   1   498  1.5168586389E+03 1.9E+01   139 2.1E-11      F  T
    181   1   498  1.5168586389E+03 9.7E+00   139 5.0E-11      F  T
    182   2   497  1.5168561884E+03 2.5E+01   139 3.2E+00      T  T
    183   1   497  1.5168561884E+03 2.3E+01   138 1.9E-11      F  T
    184   1   497  1.5168561884E+03 1.2E+01   138 3.9E-11      F  T
    185   2   496  1.5168561689E+03 2.0E+01   138 3.5E-02      T  T
    186   1   496  1.5168561689E+03 2.0E+01   137 2.1E-11      F  T
    187   1   496  1.5168561689E+03 9.0E+00   137 5.8E-11      F  T
    188   2   495  1.5168555026E+03 2.7E+01   137 7.9E-01      T  T
    189   1   495  1.5168555026E+03 2.7E+01   136 1.8E-11      F  T
 
   Iter Phase Ninf   Infeasibility   RGmax    NSB   Step InItr MX OK
    190   1   495  1.5168555026E+03 7.4E+00   136 7.6E-11      F  T
    191   2   494  1.5168547662E+03 3.0E+01   136 7.3E-01      T  T
    192   1   494  1.5168547662E+03 3.0E+01   135 1.7E-11      F  T
    193   1   494  1.5168547662E+03 4.5E+00   135 1.6E-10      F  T
    194   2   493  1.5168542180E+03 4.2E+01   135 3.2E-01      T  T
    195   1   493  1.5168542180E+03 4.2E+01   134 1.6E-11      F  T
    196   1   493  1.5168542179E+03 4.5E+00   134 5.3E-10      F  T
    197   2   493  1.5168518802E+03 7.7E+01   134 4.3E-01      T  T
    198   2   488  1.5168403577E+03 7.7E+01   133 5.1E+00      T  T
    199   1   488  1.5168403575E+03 1.0E+02   132 2.4E-11      F  T
 
   Iter Phase Ninf   Infeasibility   RGmax    NSB   Step InItr MX OK
    200   1   488  1.5168403575E+03 7.3E+00   161 1.0E-10      F  T
    201   2   487  1.5168375091E+03 2.7E+01   161 2.6E+00      T  T
    202   1   487  1.5168375091E+03 2.7E+01   160 3.3E-11      F  T
    203   1   487  1.5168375091E+03 6.1E+00   160 1.5E-10      F  T
    204   2   486  1.5168348742E+03 3.3E+01   160 1.7E+00      T  T
    205   1   486  1.5168348741E+03 3.3E+01   159 3.2E-11      F  T
    206   1   486  1.5168348741E+03 6.4E+00   159 1.9E-10      F  T
    207   2   485  1.5168323495E+03 3.8E+01   159 1.3E+00      T  T
    208   1   485  1.5168323494E+03 3.8E+01   158 3.2E-11      F  T
    209   1   485  1.5168323494E+03 7.1E+00   158 1.9E-10      F  T
 
   Iter Phase Ninf   Infeasibility   RGmax    NSB   Step InItr MX OK
    210   2   484  1.5168298699E+03 3.7E+01   158 1.3E+00      T  T
    211   1   484  1.5168298698E+03 3.7E+01   157 3.4E-11      F  T
    212   1   484  1.5168298698E+03 7.8E+00   157 1.9E-10      F  T
    213   2   483  1.5168278933E+03 3.7E+01   157 1.0E+00      T  T
    214   1   483  1.5168278932E+03 3.7E+01   156 3.5E-11      F  T
    215   1   483  1.5168278932E+03 7.8E+00   156 1.8E-10      F  T
    216   2   482  1.5168276719E+03 3.5E+01   156 1.3E-01      T  T
    217   1   482  1.5168276719E+03 3.5E+01   155 3.5E-11      F  T
    218   1   482  1.5168276718E+03 9.2E+00   155 1.0E-10      F  T
    219   2   481  1.5168273931E+03 2.4E+01   155 2.9E-01      T  T
 
   Iter Phase Ninf   Infeasibility   RGmax    NSB   Step InItr MX OK
    220   1   481  1.5168273930E+03 2.4E+01   154 4.3E-11      F  T
    221   1   481  1.5168273930E+03 1.2E+01   154 7.2E-11      F  T
    222   2   480  1.5168267588E+03 1.9E+01   154 9.0E-01      T  T
    223   1   480  1.5168267588E+03 1.9E+01   153 5.1E-11      F  T
    224   1   480  1.5168267587E+03 1.3E+01   153 6.3E-11      F  T
    225   2   479  1.5168260285E+03 1.6E+01   153 1.2E+00      T  T
    226   1   479  1.5168260284E+03 1.6E+01   152 5.8E-11      F  T
    227   1   479  1.5168260284E+03 1.5E+01   152 5.7E-11      F  T
    228   2   478  1.5168249536E+03 1.5E+01   152 2.0E+00      T  T
    229   1   478  1.5168249536E+03 1.5E+01   151 6.8E-11      F  T
 
   Iter Phase Ninf   Infeasibility   RGmax    NSB   Step InItr MX OK
    230   1   478  1.5168249536E+03 1.6E+01   151 5.5E-11      F  T
    231   2   477  1.5168224736E+03 1.4E+01   151 4.7E+00      T  T
    232   1   477  1.5168224736E+03 1.4E+01   150 7.5E-11      F  T
    233   1   477  1.5168224735E+03 1.1E+01   150 9.1E-11      F  T
    234   2   476  1.5168219452E+03 2.2E+01   150 6.0E-01      T  T
    235   1   476  1.5168219452E+03 2.2E+01   149 4.3E-11      F  T
    236   1   476  1.5168219452E+03 8.4E+00   149 9.7E-11      F  T
    237   2   476  1.5168218654E+03 1.9E+01   149 1.3E-01      T  T
    238   2   475  1.5168137146E+03 1.9E+01   148 1.6E+01      T  T
    239   1   475  1.5168137146E+03 1.9E+01   147 2.1E-11      F  T
 
   Iter Phase Ninf   Infeasibility   RGmax    NSB   Step InItr MX OK
    240   1   475  1.5168137146E+03 1.0E+01   147 8.1E-11      F  T
    241   2   469  1.5168108040E+03 1.4E+01   147 6.7E+00      T  T
    242   1   469  1.5168108040E+03 1.4E+01   146 6.2E-11      F  T
    243   1   469  1.5168106332E+03 1.6E+01   148 7.6E-07      F  T
    244   2   468  1.5168095973E+03 2.8E+03   148 1.2E-04      T  T
    245   1   468  1.5168094248E+03 2.8E+03   147 4.7E-11      F  T
    246   1   468  1.5168094228E+03 3.4E+02   147 3.6E-11      F  T
    247   2   468  1.5168094228E+03 1.5E+01   165 0.0E+00      T  T
    248   1   468  1.5168094228E+03 1.5E+01   148 1.3E-10      F  T
    249   2   467  1.5168082044E+03 3.3E+01   148 6.9E-01      T  T
 
   Iter Phase Ninf   Infeasibility   RGmax    NSB   Step InItr MX OK
    250   1   467  1.5168082044E+03 3.3E+01   147 5.2E-11      F  T
    251   1   467  1.5168082044E+03 1.4E+01   147 1.1E-10      F  T
    252   2   466  1.5168080112E+03 2.7E+01   147 1.5E-01      T  T
    253   1   466  1.5168080112E+03 2.7E+01   146 4.9E-11      F  T
    254   1   466  1.5168080111E+03 1.6E+01   147 2.1E-10      F  T
    255   2   465  1.5168067226E+03 4.6E+01   147 4.3E-01      T  T
    256   1   465  1.5168067226E+03 4.6E+01   146 4.6E-11      F  T
    257   1   465  1.5168067225E+03 1.5E+01   146 1.4E-10      F  T
    258   2   464  1.5168066081E+03 3.3E+01   146 6.5E-02      T  T
    259   1   464  1.5168066081E+03 3.3E+01   145 4.6E-11      F  T
 
   Iter Phase Ninf   Infeasibility   RGmax    NSB   Step InItr MX OK
    260   1   464  1.5168066080E+03 1.7E+01   146 2.7E-10      F  T
    261   2   463  1.5168052495E+03 5.5E+01   146 3.3E-01      T  T
    262   1   463  1.5168052494E+03 5.5E+01   145 4.5E-11      F  T
    263   1   463  1.5168052493E+03 1.5E+01   145 1.6E-10      F  T
    264   2   462  1.5168052074E+03 3.6E+01   145 2.1E-02      T  T
    265   1   462  1.5168052074E+03 3.6E+01   144 4.6E-11      F  T
    266   1   462  1.5168052073E+03 1.8E+01   145 3.1E-10      F  T
    267   2   461  1.5168044834E+03 6.1E+01   145 1.5E-01      T  T
    268   1   461  1.5168044833E+03 6.1E+01   144 4.5E-11      F  T
    269   1   461  1.5168044833E+03 1.8E+01   144 1.5E-10      F  T
 
   Iter Phase Ninf   Infeasibility   RGmax    NSB   Step InItr MX OK
    270   2   460  1.5168038004E+03 3.9E+01   144 2.9E-01      T  T
    271   1   460  1.5168038003E+03 3.9E+01   143 4.6E-11      F  T
    272   1   460  1.5168038002E+03 1.8E+01   144 3.8E-10      F  T
    273   2   459  1.5168037801E+03 6.6E+01   144 3.4E-03      T  T
    274   1   459  1.5168037800E+03 6.6E+01   143 4.4E-11      F  T
    275   1   459  1.5168037799E+03 1.5E+01   143 1.6E-10      F  T
    276   2   458  1.5168020811E+03 3.7E+01   143 8.2E-01      T  T
    277   1   458  1.5168020811E+03 3.7E+01   142 4.7E-11      F  T
    278   1   458  1.5168020809E+03 1.9E+01   143 5.2E-10      F  T
    279   2   457  1.5168019792E+03 8.2E+01   143 1.2E-02      T  T
 
   Iter Phase Ninf   Infeasibility   RGmax    NSB   Step InItr MX OK
    280   1   457  1.5168019791E+03 8.2E+01   142 4.4E-11      F  T
    281   1   457  1.5168019790E+03 1.6E+01   142 1.8E-10      F  T
    282   2   456  1.5168003733E+03 3.9E+01   142 6.9E-01      T  T
    283   1   456  1.5168003733E+03 3.9E+01   141 4.8E-11      F  T
    284   1   456  1.5168003729E+03 2.0E+01   142 1.3E-09      F  T
    285   2   455  1.5168001934E+03 1.4E+02   142 8.3E-03      T  T
    286   1   455  1.5168001930E+03 1.4E+02   141 4.2E-11      F  T
    287   1   455  1.5168001929E+03 1.7E+01   141 1.9E-10      F  T
    288   2   454  1.5167986689E+03 4.2E+01   141 5.9E-01      T  T
    289   1   454  1.5167986688E+03 4.2E+01   140 4.8E-11      F  T
 
   Iter Phase Ninf   Infeasibility   RGmax    NSB   Step InItr MX OK
    290   1   454  1.5167986686E+03 2.2E+01   141 6.6E-10      F  T
    291   2   453  1.5167984129E+03 9.8E+01   141 2.2E-02      T  T
    292   1   453  1.5167984127E+03 9.8E+01   140 4.5E-11      F  T
    293   1   453  1.5167984126E+03 1.8E+01   140 2.0E-10      F  T
    294   2   452  1.5167969600E+03 4.4E+01   140 5.1E-01      T  T
    295   1   452  1.5167969599E+03 4.4E+01   139 4.8E-11      F  T
    296   1   452  1.5167969596E+03 2.3E+01   140 7.2E-10      F  T
    297   2   451  1.5167966296E+03 1.1E+02   140 2.4E-02      T  T
    298   1   451  1.5167966294E+03 1.1E+02   139 4.5E-11      F  T
    299   1   451  1.5167966293E+03 1.9E+01   139 2.0E-10      F  T
 
   Iter Phase Ninf   Infeasibility   RGmax    NSB   Step InItr MX OK
    300   2   450  1.5167952392E+03 4.5E+01   139 4.6E-01      T  T
    301   1   450  1.5167952391E+03 4.5E+01   138 4.9E-11      F  T
    302   1   450  1.5167952388E+03 2.4E+01   139 7.9E-10      F  T
    303   2   449  1.5167948353E+03 1.2E+02   139 2.5E-02      T  T
    304   1   449  1.5167948350E+03 1.2E+02   138 4.6E-11      F  T
    305   1   449  1.5167948349E+03 2.0E+01   138 2.0E-10      F  T
    306   2   448  1.5167934994E+03 4.6E+01   138 4.2E-01      T  T
    307   1   448  1.5167934993E+03 4.6E+01   137 4.9E-11      F  T
    308   1   448  1.5167934989E+03 2.6E+01   138 8.6E-10      F  T
    309   2   447  1.5167930219E+03 1.2E+02   138 2.5E-02      T  T
 
   Iter Phase Ninf   Infeasibility   RGmax    NSB   Step InItr MX OK
    310   1   447  1.5167930215E+03 1.2E+02   137 4.7E-11      F  T
    311   1   447  1.5167930214E+03 2.1E+01   137 2.1E-10      F  T
    312   2   446  1.5167917337E+03 4.8E+01   137 3.8E-01      T  T
    313   1   446  1.5167917336E+03 4.8E+01   136 5.0E-11      F  T
    314   1   446  1.5167917331E+03 2.7E+01   137 9.4E-10      F  T
    315   2   445  1.5167911820E+03 1.4E+02   137 2.5E-02      T  T
    316   1   445  1.5167911816E+03 1.4E+02   136 4.7E-11      F  T
    317   1   445  1.5167911815E+03 2.2E+01   136 2.1E-10      F  T
    318   2   444  1.5167899352E+03 4.9E+01   136 3.5E-01      T  T
    319   1   444  1.5167899351E+03 4.9E+01   135 5.0E-11      F  T
 
   Iter Phase Ninf   Infeasibility   RGmax    NSB   Step InItr MX OK
    320   1   444  1.5167899345E+03 2.9E+01   136 1.0E-09      F  T
    321   2   443  1.5167893083E+03 1.5E+02   136 2.4E-02      T  T
    322   1   443  1.5167893078E+03 1.5E+02   135 4.8E-11      F  T
    323   1   443  1.5167893076E+03 2.4E+01   135 2.1E-10      F  T
    324   2   442  1.5167880974E+03 5.1E+01   135 3.2E-01      T  T
    325   1   442  1.5167880973E+03 5.1E+01   134 5.1E-11      F  T
    326   1   442  1.5167880966E+03 3.0E+01   135 1.1E-09      F  T
    327   2   441  1.5167873935E+03 1.6E+02   135 2.3E-02      T  T
    328   1   441  1.5167873929E+03 1.6E+02   134 4.8E-11      F  T
    329   1   441  1.5167873928E+03 2.5E+01   134 2.0E-10      F  T
 
   Iter Phase Ninf   Infeasibility   RGmax    NSB   Step InItr MX OK
    330   2   440  1.5167871315E+03 5.2E+01   134 6.4E-02      T  T
    331   1   440  1.5167871315E+03 5.2E+01   133 5.1E-11      F  T
    332   1   440  1.5167871309E+03 3.1E+01   134 9.6E-10      F  T
    333   2   439  1.5167862422E+03 1.5E+02   134 3.3E-02      T  T
    334   1   439  1.5167862417E+03 1.5E+02   133 4.7E-11      F  T
    335   1   439  1.5167862417E+03 3.4E+01   144 0.0E+00      T  T
    336   1   439  1.5167862412E+03 3.4E+01   134 7.4E-10      F  T
    337   1   439  1.5167862407E+03 1.4E+02   134 5.0E-11      F  T
    338   2   438  1.5167843500E+03 3.4E+01   134 1.3E+00      T  T
    339   1   438  1.5167843499E+03 3.5E+01   134 2.5E-10      F  T
 
   Iter Phase Ninf   Infeasibility   RGmax    NSB   Step InItr MX OK
    340   1   438  1.5167843496E+03 8.6E+01   134 5.6E-11      F  T
    341   2   437  1.5167824272E+03 3.5E+01   134 1.1E+00      T  T
    342   1   437  1.5167824271E+03 3.6E+01   134 1.7E-10      F  T
    343   1   437  1.5167824269E+03 6.8E+01   134 6.3E-11      F  T
    344   2   436  1.5167804714E+03 3.6E+01   134 1.0E+00      T  T
    345   1   436  1.5167804713E+03 3.7E+01   134 1.4E-10      F  T
    346   1   436  1.5167804711E+03 5.7E+01   134 7.1E-11      F  T
    347   2   435  1.5167784805E+03 3.7E+01   134 8.8E-01      T  T
    348   1   435  1.5167784803E+03 3.7E+01   134 1.1E-10      F  T
    349   1   435  1.5167784802E+03 5.0E+01   134 8.0E-11      F  T
 
   Iter Phase Ninf   Infeasibility   RGmax    NSB   Step InItr MX OK
    350   2   434  1.5167764523E+03 3.7E+01   134 7.7E-01      T  T
    351   1   434  1.5167764523E+03 3.6E+01   133 5.0E-11      F  T
    352   1   434  1.5167764505E+03 3.8E+01   134 2.2E-09      F  T
    353   2   433  1.5167743864E+03 2.8E+02   134 2.8E-02      T  T
    354   1   433  1.5167743845E+03 2.8E+02   133 4.6E-11      F  T
    355   1   433  1.5167743845E+03 3.9E+01   135 0.0E+00      T  T
    356   1   433  1.5167743839E+03 3.9E+01   134 5.8E-10      F  T
    357   1   433  1.5167743834E+03 1.4E+02   134 5.3E-11      F  T
    358   2   432  1.5167722747E+03 3.9E+01   134 1.1E+00      T  T
    359   1   432  1.5167722745E+03 4.1E+01   134 2.5E-10      F  T
 
   Iter Phase Ninf   Infeasibility   RGmax    NSB   Step InItr MX OK
    360   1   432  1.5167722742E+03 9.4E+01   134 6.0E-11      F  T
    361   2   431  1.5167701204E+03 4.1E+01   134 9.7E-01      T  T
    362   1   431  1.5167701202E+03 4.2E+01   134 1.8E-10      F  T
    363   1   431  1.5167701200E+03 7.6E+01   134 6.6E-11      F  T
    364   2   430  1.5167679189E+03 4.2E+01   134 8.5E-01      T  T
    365   1   430  1.5167679187E+03 4.3E+01   134 1.4E-10      F  T
    366   1   430  1.5167679185E+03 6.5E+01   134 7.4E-11      F  T
    367   2   429  1.5167656673E+03 4.3E+01   134 7.5E-01      T  T
    368   1   429  1.5167656671E+03 4.4E+01   134 1.2E-10      F  T
    369   1   429  1.5167656668E+03 5.7E+01   134 8.4E-11      F  T
 
   Iter Phase Ninf   Infeasibility   RGmax    NSB   Step InItr MX OK
    370   2   428  1.5167633625E+03 4.4E+01   134 6.5E-01      T  T
    371   1   428  1.5167633625E+03 4.2E+01   133 5.0E-11      F  T
    372   1   428  1.5167633571E+03 4.5E+01   134 4.9E-09      F  T
    373   2   427  1.5167627663E+03 4.7E+02   134 2.7E-03      T  T
    374   1   427  1.5167627607E+03 4.7E+02   133 4.9E-11      F  T
    375   1   427  1.5167613769E+03 3.9E+02   134 1.4E-08      F  T
    376   1   427  1.5167606721E+03 7.5E+03   134 2.2E-11      F  T
    377   1   427  1.5167606722E+03 1.1E+01   162 0.0E+00      T  T
    378   1   426  1.5167492836E+03 1.1E+01   134 3.5E-05      T  T
    379   1   422  1.5167400319E+03 1.1E+01   133 2.8E-05      T  T
 
   Iter Phase Ninf   Infeasibility   RGmax    NSB   Step InItr MX OK
    380   1   421  1.5167026204E+03 1.1E+01   132 1.5E-04      T  T
    381   1   420  1.5166996565E+03 5.9E+02   132 8.6E-09      T  T
    382   1   419  1.5166996353E+03 5.2E+02   132 7.9E-11      T  T
    383   1   416  1.5166681153E+03 7.0E+02   139 1.0E+00    3 T  T
    384   1   411  1.5164835605E+03 4.6E+02   140 1.0E+00   11 T  T
    385   1   399  1.5159695458E+03 1.5E+02   130 1.0E+00   13 T  T
    386   1   380  1.5157627224E+03 4.3E+00   117 1.0E+00   19 T  T
    387   1   380  1.5147811548E+03 1.5E+03   119 4.7E-01   23 F  F
    388   1   380  1.5147689093E+03 9.3E+02   141 4.4E-01   16 F  F
    389   1   380  1.5147688818E+03 5.8E+01   141 7.9E-09      T  T
 
   Iter Phase Ninf   Infeasibility   RGmax    NSB   Step InItr MX OK
    390   1   380  1.5147688763E+03 2.8E+00   158 3.7E-08      T  T
    391   1   380  1.5147688727E+03 2.8E+00   157 2.4E-08      T  T
    392   1   380  1.5147688723E+03 2.8E+00   156 2.7E-09      T  T
    393   1   380  1.5147688544E+03 2.8E+00   155 1.2E-07      T  T
    394   1   379  1.5147688221E+03 2.8E+00   154 1.0E+00    3 T  T
    395   1   378  1.5147670673E+03 2.1E+00   151 1.0E+00    8 T  T
    396   1   367  1.5147574410E+03 2.1E+00   137 1.0E+00   13 T  T
    397   1   367  1.5147356954E+03 2.1E+00   122 2.2E-01   17 T  T
    398   1   367  1.5147122904E+03 2.1E+00   121 3.0E-01   18 T  T
    399   1   364  1.5147005353E+03 7.3E+01   120 2.2E-01   18 T  T
 
   Iter Phase Ninf   Infeasibility   RGmax    NSB   Step InItr MX OK
    400   1   364  1.5146930768E+03 7.3E+01   119 1.8E-01   18 T  T
    401   1   364  1.5146902485E+03 7.3E+01   118 1.7E-01   13 T  T
    402   1   364  1.5146886723E+03 7.3E+01   167 1.7E-01    9 T  T
    403   1   363  1.5146874569E+03 7.3E+01   180 1.0E+00    6 T  T
    404   1   362  1.5146839724E+03 2.1E+00   174 2.8E-01   11 T  T
    405   1   360  1.5146837097E+03 2.1E+00   173 2.9E-02   11 T  T
    406   1   359  1.5146835122E+03 2.1E+00   171 3.4E-02    8 T  T
    407   1   359  1.5146833870E+03 2.1E+00   170 3.0E-02    6 T  T
    408   1   359  1.5146833042E+03 2.1E+00   169 6.7E-02    4 T  T
    409   1   356  1.5146829148E+03 2.1E+00   170 1.0E+00    3 T  T
 
   Iter Phase Ninf   Infeasibility   RGmax    NSB   Step InItr MX OK
    410   1   355  1.5146811056E+03 2.1E+00   166 2.4E-01    8 T  T
    411   1   355  1.5146797586E+03 2.1E+00   165 2.3E-01    8 T  T
    412   1   355  1.5146771708E+03 2.1E+00   164 5.8E-01    8 T  T
    413   1   355  1.5146769197E+03 2.1E+00   163 1.4E-01    8 T  T
    414   1   354  1.5146766845E+03 2.1E+00   162 2.3E-01    6 T  T
    415   1   349  1.5146758743E+03 2.1E+00   161 1.0E+00    6 T  T
    416   1   348  1.5146717207E+03 2.1E+00   155 4.0E-02   10 T  T
    417   1   347  1.5146706663E+03 2.1E+00   154 6.5E-02    8 T  T
    418   1   346  1.5146605262E+03 2.1E+00   153 7.9E-01    6 T  T
    419   1   346  1.5146576819E+03 2.1E+00   152 7.2E-01    7 T  T
 
   Iter Phase Ninf   Infeasibility   RGmax    NSB   Step InItr MX OK
    420   1   345  1.5146568552E+03 2.1E+00   151 7.3E-01    7 T  T
    421   1   339  1.5146565095E+03 2.1E+00   150 1.0E+00    7 T  T
    422   1   337  1.5145888091E+03 2.1E+00   143 1.0E+00   10 T  T
    423   1   337  1.5143628718E+03 2.2E+00   135 5.1E-01   15 F  F
    424   1   332  1.5142589373E+03 2.1E+00   134 1.0E+00    9 T  T
    425   1   332  1.5133563728E+03 5.7E+01   126 6.2E-01   11 F  F
    426   1   331  1.5133549171E+03 4.8E+08   137 1.7E-02   11 T  T
    427   1   329  1.5133474855E+03 5.3E+02   133 1.0E+00    4 T  T
    428   1   327  1.5133440048E+03 6.4E+01   130 1.0E+00    2 T  T
    429   1   323  1.5133378289E+03 2.4E+02   136 1.0E+00    5 T  T
 
   Iter Phase Ninf   Infeasibility   RGmax    NSB   Step InItr MX OK
    430   1   319  1.5133358478E+03 1.3E+02   143 1.0E+00    4 T  T
    431   1   318  1.5133346641E+03 2.1E+00   139 1.0E+00    7 T  T
    432   1   312  1.5133303635E+03 1.0E+02   142 1.0E+00   10 T  T
    433   1   307  1.5133290327E+03 7.5E+00   134 1.0E+00    7 T  T
    434   1   303  1.5133278067E+03 1.2E+02   127 1.0E+00    8 T  T
    435   1   303  1.5133193952E+03 4.0E+02   144 1.3E-01   13 F  F
    436   1   303  1.5133177863E+03 2.2E+01   144 1.0E+00    6 T  T
    437   1   303  1.5133136684E+03 4.9E+06   137 6.2E-01    8 F  F
    438   1   303  1.5133122076E+03 2.0E+01   142 1.0E+00    5 T  T
    439   1   303  1.5133103501E+03 1.8E+01   138 8.2E-01    6 F  F
 
   Iter Phase Ninf   Infeasibility   RGmax    NSB   Step InItr MX OK
    440   1   303  1.5133097629E+03 2.1E+00   138 4.4E-01    5 T  T
    441   1   303  1.5133090955E+03 2.1E+00   137 8.8E-01    5 T  T
    442   1   303  1.5133085347E+03 2.1E+00   134 8.5E-02    6 T  T
    443   1   302  1.5133061894E+03 2.1E+00   133 6.3E-01    4 T  T
    444   1   301  1.5133055716E+03 2.1E+00   132 4.6E-01    4 T  T
    445   1   301  1.5133054351E+03 2.1E+00   131 1.9E-01    4 T  T
    446   1   300  1.5133051431E+03 2.1E+00   130 5.1E-01    4 T  T
    447   1   298  1.5133048598E+03 2.1E+00   128 1.0E+00    3 T  T
    448   1   296  1.5132815811E+03 5.0E+00   125 1.0E+00    7 T  T
    449   1   296  1.5125058322E+03 7.1E+06   118 8.6E-01   10 T  T
 
   Iter Phase Ninf   Infeasibility   RGmax    NSB   Step InItr MX OK
    450   1   296  1.5125049956E+03 8.0E+07   128 6.2E-02   18 F  F
    451   1   296  1.5125008915E+03 1.7E+07    95 1.0E+00    4 T  T
    452   1   296  1.5124996141E+03 3.1E+06    90 4.7E-01    4 T  T
    453   1   296  1.5124983409E+03 1.5E+01   123 1.0E+00    2 T  T
    454   1   296  1.5124961324E+03 9.1E+00   121 6.1E-01    7 F  F
    455   1   296  1.5124952960E+03 8.3E+00   121 1.0E+00    4 T  T
    456   1   296  1.5124904581E+03 4.1E+06   117 8.6E-01    8 T  T
    457   1   296  1.5124884564E+03 7.0E+00   118 1.0E+00    6 T  T
    458   1   296  1.5118843133E+03 2.2E+06   113 6.2E-01    7 F  F
    459   1   296  1.5116478817E+03 2.7E+06   113 6.2E-01    7 F  F
 
   Iter Phase Ninf   Infeasibility   RGmax    NSB   Step InItr MX OK
    460   1   296  1.5116478672E+03 1.0E+01   113 7.4E-08      T  T
    461   1   296  1.5116474324E+03 2.1E+00   112 4.7E-06      T  T
    462   1   296  1.5116466368E+03 2.1E+00   111 8.6E-06      T  T
    463   1   295  1.5116448967E+03 2.1E+00   110 1.9E-05      T  T
    464   1   295  1.5116403567E+03 2.1E+00   109 5.1E-05      T  T
    465   1   295  1.5115814655E+03 2.1E+00   108 6.6E-04      T  T
    466   1   295  1.5114914606E+03 2.1E+00   107 1.0E-03      F  F
    467   1   295  1.5113975098E+03 2.1E+00   107 1.1E-03      T  T
    468   1   294  1.5096418351E+03 6.8E+00   106 1.0E+00    3 T  T
    469   1   294  1.5096364849E+03 1.1E+02   132 7.1E-01   22 F  F
 
   Iter Phase Ninf   Infeasibility   RGmax    NSB   Step InItr MX OK
    470   1   292  1.5096337449E+03 1.8E+00   132 1.0E+00    5 T  T
    471   1   290  1.5096238489E+03 5.4E+00   127 1.0E+00    9 T  T
    472   1   290  1.5081577286E+03 9.6E+00   118 7.1E-01   12 F  F
    473   1   290  1.5079329199E+03 4.4E+05   121 6.2E-01   15 T  T
    474   1   290  1.5079309612E+03 6.2E+05   142 6.7E-01   14 F  F
    475   1   290  1.5079306403E+03 5.0E+00   142 1.0E+00    7 T  T
    476   1   290  1.5079286799E+03 2.5E+00   135 1.0E+00    6 T  T
    477   1   288  1.5079272039E+03 2.4E+00   129 1.0E+00    5 T  T
    478   1   279  1.5079079280E+03 1.8E+00   124 1.0E+00   10 T  T
    479   1   279  1.5048990021E+03 3.5E+05   113 5.5E-01   12 F  F
 
   Iter Phase Ninf   Infeasibility   RGmax    NSB   Step InItr MX OK
    480   1   279  1.5048831303E+03 3.5E+05   124 6.2E-01   19 F  F
    481   1   279  1.5048795772E+03 4.5E+05   124 1.6E-14      F  F
    482   1   278  1.5048793767E+03 3.2E+00   131 1.6E-06      T  T
    483   1   278  1.5048785813E+03 3.2E+00   130 6.2E-06      T  T
    484   1   278  1.5048780701E+03 3.2E+00   129 4.2E-06      T  T
    485   1   278  1.5048780436E+03 3.2E+00   128 2.2E-07      T  T
    486   1   278  1.5048778288E+03 2.2E+00   127 1.9E-06      T  T
    487   1   278  1.5048774436E+03 2.2E+00   126 3.6E-06      T  T
    488   1   278  1.5048768881E+03 1.8E+00   125 5.4E-06      T  T
    489   1   278  1.5048768697E+03 1.8E+00   124 1.8E-07      T  T
 
   Iter Phase Ninf   Infeasibility   RGmax    NSB   Step InItr MX OK
    490   1   276  1.5048738938E+03 1.8E+00   123 1.0E+00    3 T  T
    491   1   273  1.5048420875E+03 1.8E+00   118 1.0E+00    8 T  T
    492   1   272  1.5034922738E+03 2.8E+00   110 7.7E-02   11 T  T
    493   1   271  1.5034681368E+03 2.8E+00   111 2.6E-02   10 T  T
    494   1   268  1.5034528471E+03 2.8E+00   110 1.0E+00    6 T  T
    495   1   267  1.4978895095E+03 4.5E+00   103 3.5E-01    8 T  T
    496   1   266  1.4969480863E+03 3.7E+01   109 5.9E-01   14 T  T
    497   1   266  1.4969253990E+03 5.1E+03   108 8.5E-02   10 F  F
    498   1   266  1.4969182951E+03 6.3E+08   108 2.5E-01    1 F  F
    499   1   266  1.4969086864E+03 9.8E+08   108 7.1E-21      F  F
 
   Iter Phase Ninf   Infeasibility   RGmax    NSB   Step InItr MX OK
    500   0        1.4969084944E+03
    501   0   266  1.4969083243E+03               1.0E+00      F  T
    502   1   265  1.4969083242E+03 9.7E+01   108 2.8E-12      T  T
    503   1   265  1.4969083070E+03 5.5E+00   114 1.1E-07      T  T
    504   1   265  1.4969082772E+03 5.5E+00   113 2.0E-07      T  T
    505   1   265  1.4969082506E+03 3.8E+00   112 2.3E-07      T  T
    506   1   265  1.4969082301E+03 3.8E+00   111 1.9E-07      T  T
    507   1   265  1.4969082060E+03 3.8E+00   110 2.3E-07      T  T
    508   1   263  1.4969034991E+03 1.8E+00   109 1.0E+00    3 T  T
    509   1   259  1.4967056177E+03 1.8E+00   105 1.0E+00    8 T  T
 
   Iter Phase Ninf   Infeasibility   RGmax    NSB   Step InItr MX OK
    510   1   258  1.4926440293E+03 1.8E+00    97 7.2E-02    6 T  T
    511   1   258  1.4884214981E+03 1.8E+00    96 8.2E-02    7 T  T
    512   1   257  1.4874006168E+03 1.8E+00    95 3.6E-02    6 T  T
    513   1   256  1.4873379707E+03 1.8E+00    94 8.3E-02    4 T  T
    514   1   256  1.4869976681E+03 1.8E+00    93 7.1E-01    3 F  F
    515   1   255  1.4868575231E+03 1.8E+00    93 1.0E+00    3 T  T
    516   1   255  1.4556733822E+03 2.7E+06    90 7.7E-01    4 T  T
    517   1   254  1.4023125811E+03 6.9E-01    89 3.3E-03    4 T  T
    518   1   254  1.4016808207E+03 1.3E+01    98 2.5E-01   11 F  F
    519   1   248  1.4011609932E+03 1.5E+01    98 1.0E+00    8 T  T
 
   Iter Phase Ninf   Infeasibility   RGmax    NSB   Step InItr MX OK
    520   1   245  1.3999908699E+03 3.7E+00    89 1.0E+00    3 T  T
    521   1   237  1.3964412291E+03 3.7E+00    86 1.0E+00    8 T  T
    522   1   236  1.3889625633E+03 3.7E+00    78 9.7E-03    5 T  T
    523   1   236  1.3889490717E+03 5.4E+01   100 3.0E-02   15 F  F
    524   1   236  1.3889470922E+03 4.6E+01   100 1.5E-02    3 F  F
    525   1   236  1.3889469544E+03 2.0E+01   100 1.1E-07      T  T
    526   1   236  1.3889469127E+03 2.0E+01    99 4.0E-08      T  T
    527   1   236  1.3889437933E+03 2.0E+01    98 3.3E-06      F  F
    528   1   236  1.3889412483E+03 2.0E+01    98 4.8E-06      F  F
    529   1   235  1.3889364072E+03 3.7E+00    43 4.8E-05      T  T
 
   Iter Phase Ninf   Infeasibility   RGmax    NSB   Step InItr MX OK
    530   1   235  1.3889364072E+03 3.7E+00    42 0.0E+00      T  T
    531   1   233  1.3889301740E+03 3.7E+00   115 6.2E-05      T  T
    532   1   231  1.3889292961E+03 3.7E+00   113 8.8E-06      T  T
    533   1   231  1.3889263586E+03 3.7E+00   111 3.0E-05      T  T
    534   1   231  1.3889106777E+03 9.3E+00   110 1.0E+00    3 T  T
    535   1   231  1.3888907297E+03 3.7E+00   107 1.7E-01    8 T  T
    536   1   230  1.3888873100E+03 3.7E+00   106 3.7E-02    7 T  T
    537   1   230  1.3888846315E+03 3.7E+00   105 3.0E-02    7 T  T
    538   1   228  1.3888832159E+03 3.7E+00   104 1.0E+00    4 T  T
    539   1   228  1.3888105814E+03 1.1E+01   100 1.0E+00    8 T  T
 
   Iter Phase Ninf   Infeasibility   RGmax    NSB   Step InItr MX OK
    540   1   228  1.3886383125E+03 3.7E+01   137 1.1E-01   11 F  F
    541   1   228  1.3886169993E+03 2.5E+01   137 1.0E+00    8 T  T
    542   1   228  1.3885961963E+03 2.6E+01   129 5.0E-01    8 T  T
    543   1   227  1.3885906570E+03 2.8E+01   128 1.0E+00    6 T  T
    544   1   227  1.3885189541E+03 2.5E+03   122 3.8E-02    8 F  F
    545   1   226  1.3885098609E+03 2.5E+01   122 1.0E+00    6 T  T
    546   1   226  1.3884166676E+03 4.2E+03   116 4.7E-02    4 F  F
    547   1   226  1.3883978686E+03 5.0E+03   116 7.9E-02    1 F  F
    548   1   226  1.3883699525E+03 6.6E+03   116 5.4E-10      F  F
    549   1   226  1.3883610059E+03 5.6E+01   128 9.4E-07      T  T
 
   Iter Phase Ninf   Infeasibility   RGmax    NSB   Step InItr MX OK
    550   1   226  1.3883226564E+03 6.5E+01   128 3.0E-06      T  T
    551   1   226  1.3883212444E+03 9.8E+01   127 6.7E-08      T  T
    552   1   226  1.3883167013E+03 9.8E+01   126 2.1E-07      T  T
    553   1   226  1.3883076481E+03 9.8E+01   125 4.0E-07      T  T
    554   1   226  1.3882589448E+03 1.1E+02   124 3.8E-01    3 F  F
    555   1   226  1.3882465827E+03 2.2E+01   124 6.8E-02    3 T  T
    556   1   226  1.3882386125E+03 2.2E+01   123 1.0E+00    1 T  T
    557   1   226  1.3881241735E+03 2.2E+01   122 3.1E-02    3 F  F
    558   1   226  1.3879627314E+03 2.8E+01   122 3.6E-01    2 F  F
    559   1   226  1.3879626353E+03 3.9E+01   122 1.9E-08      T  T
 
   Iter Phase Ninf   Infeasibility   RGmax    NSB   Step InItr MX OK
    560   1   226  1.3878295357E+03 3.9E+01   121 2.4E-05      F  F
    561   1   226  1.3876831432E+03 5.4E+01   121 1.5E-05      T  T
    562   1   226  1.3875470369E+03 7.6E+01   120 8.1E-06      F  F
    563   1   226  1.3873661327E+03 1.0E+02   120 8.3E-06      F  F
    564   1   226  1.3871319888E+03 1.3E+02   120 5.1E-06      T  T
    565   1   226  1.3869963175E+03 1.5E+02   119 2.1E-06      F  F
    566   1   226  1.3867286119E+03 1.9E+02   119 2.0E-06      F  F
    567   1   226  1.3865027749E+03 2.5E+02   119 2.6E-06      F  F
    568   1   226  1.3865012869E+03 2.7E+01   120 1.8E-06      T  T
    569   1   225  1.3864602893E+03 3.7E+00   119 2.9E-04      T  T
 
   Iter Phase Ninf   Infeasibility   RGmax    NSB   Step InItr MX OK
    570   1   225  1.3864521350E+03 3.0E+01   120 1.0E+00    3 T  T
    571   1   225  1.3864435655E+03 4.5E+01   119 1.0E+00    8 T  T
    572   1   225  1.3864090537E+03 8.4E+06   115 7.2E-02   13 F  F
    573   1   225  1.3863668445E+03 3.8E+06   115 3.7E-01    2 F  F
    574   1   225  1.3863609584E+03 3.7E+01   115 3.0E-06      F  F
    575   1   225  1.3863521132E+03 3.3E+01   115 4.8E-06      T  T
    576   1   225  1.3863437276E+03 3.8E+01   114 3.5E-06      T  T
    577   1   225  1.3863309487E+03 8.6E+01   113 6.9E-07      F  F
    578   1   225  1.3863108274E+03 1.3E+02   113 4.4E-07      T  T
    579   1   225  1.3862829964E+03 2.4E+02   112 2.1E-07      T  T
 
   Iter Phase Ninf   Infeasibility   RGmax    NSB   Step InItr MX OK
    580   1   225  1.3862588771E+03 1.6E+05   111 9.2E-02    3 F  F
    581   1   225  1.3861849785E+03 2.2E+05   111 1.0E+00    1 T  T
    582   1   225  1.3860989343E+03 7.6E+02   133 1.8E-01    2 F  F
    583   1   225  1.3860774661E+03 3.7E+00   133 1.0E+00    3 T  T
    584   1   225  1.3860322736E+03 3.7E+00   130 1.0E+00    5 T  T
    585   1   224  1.3858293694E+03 3.7E+00   125 1.0E+00   10 T  T
    586   1   224  1.3854641961E+03 1.1E+01   116 3.0E-01   15 F  F
    587   1   222  1.3852163356E+03 3.7E+00   116 1.0E+00    5 T  T
    588   1   220  1.3849248949E+03 3.7E+00   111 1.0E+00    6 T  T
    589   1   220  1.3848957274E+03 2.0E+06   113 2.2E-02   11 F  F
 
   Iter Phase Ninf   Infeasibility   RGmax    NSB   Step InItr MX OK
    590   1   220  1.3848886229E+03 3.4E+04   115 4.8E-01    5 F  F
    591   1   220  1.3848863992E+03 3.7E+00   115 2.8E-05      T  T
    592   1   220  1.3848759548E+03 3.7E+00   114 1.3E-04      T  T
    593   1   220  1.3848759548E+03 3.7E+00   113 1.3E-12      T  T
    594   1   220  1.3848735283E+03 3.7E+00   112 3.1E-05      T  T
    595   1   220  1.3848723288E+03 3.7E+00   111 1.5E-05      T  T
    596   1   220  1.3848044568E+03 3.7E+00   110 8.7E-04      T  T
    597   1   220  1.3847437609E+03 3.7E+00   109 1.0E+00    3 T  T
    598   1   219  1.3839808956E+03 2.8E+00   106 1.0E+00    8 T  T
    599   1   219  1.3839793466E+03 5.4E+01   115 6.5E-03   20 F  F
 
   Iter Phase Ninf   Infeasibility   RGmax    NSB   Step InItr MX OK
    600   1   219  1.3839520237E+03 3.7E+00   115 1.0E+00    3 T  T
    601   1   219  1.3837482220E+03 3.7E+00   112 6.2E-02    8 F  F
    602   1   219  1.3836926436E+03 3.7E+00   112 1.0E+00    5 T  T
    603   1   219  1.3831534646E+03 3.7E+00   107 1.8E-01    3 F  F
    604   1   218  1.3806917992E+03 3.7E+00   107 1.0E+00    3 T  T
    605   1   218  1.3793232265E+03 2.1E+05   104 7.8E-02    5 F  F
    606   1   218  1.3793027996E+03 1.4E+08   104 4.8E-01    9 F  F
    607   1   218  1.3792910627E+03 2.0E+08   104 2.6E-19      T  T
    608   1   218  1.3792870180E+03 3.6E+08   103 2.8E-20      T  T
    609   1   218  1.3791771645E+03 3.8E+08   102 5.8E-19      F  F
 
   Iter Phase Ninf   Infeasibility   RGmax    NSB   Step InItr MX OK
    610   1   218  1.3790695750E+03 6.0E+08   102 2.3E-19      F  F
    611   1   218  1.3789668203E+03 9.7E+08   102 8.0E-20      F  F
    612   1   218  1.3788209958E+03 4.5E+08   102 5.3E-19      F  F
    613   1   218  1.3787390485E+03 6.5E+07   102 1.3E-17      F  F
    614   1   218  1.3786487394E+03 2.4E+08   102 1.2E-18      F  F
    615   1   218  1.3786066848E+03 7.4E+07   102 4.1E-18      F  F
    616   1   218  1.3785622676E+03 4.0E+08   102 2.3E-19      F  F
    617   1   218  1.3785338442E+03 1.1E+08   102 8.1E-19      F  F
    618   1   218  1.3785113947E+03 2.0E+08   102 1.6E-19      F  F
    619   1   218  1.3785030593E+03 7.7E+08   102 1.0E-20      F  F
 
   Iter Phase Ninf   Infeasibility   RGmax    NSB   Step InItr MX OK
    620   1   218  1.3783036823E+03 9.0E+08   102 1.2E-19      F  F
    621   1   218  1.3781665539E+03 5.0E+08   102 1.6E-19      F  F
    622   1   218  1.3781232375E+03 5.1E+08   102 1.3E-19      F  F
    623   1   218  1.3781002921E+03 6.3E+08   102 5.2E-20      F  F
    624   1   218  1.3779282667E+03 5.8E+08   102 4.0E-19      F  F
    625   1   218  1.3776941928E+03 1.1E+09   102 1.7E-19      F  F
    626   1   218  1.3774179199E+03 1.7E+09   102 8.0E-20      F  F
    627   1   218  1.3772673351E+03 2.6E+09   102 2.0E-20      F  F
    628   1   218  1.3772334500E+03 3.4E+09   102 2.7E-21      F  F
    629   1   218  1.3772169390E+03 5.8E+08   102 1.6E-20      F  F
 
   Iter Phase Ninf   Infeasibility   RGmax    NSB   Step InItr MX OK
    630   1   218  1.3771299250E+03 1.3E+09   102 3.1E-20      F  F
    631   1   218  1.3770447061E+03 4.5E+08   102 1.0E-19      F  F
    632   1   218  1.3768620905E+03 3.8E+09   102 1.1E-20      F  F
    633   1   218  1.3763454771E+03 5.5E+09   102 1.3E-20      F  F
    634   1   218  1.3758105997E+03 3.4E+09   102 3.5E-20      F  F
    635   1   218  1.3750057545E+03 6.1E+09   102 1.6E-20      F  F
    636   1   218  1.3742543523E+03 1.2E+10   102 4.1E-21      T  T
    637   1   218  1.3737656903E+03 2.1E+10   101 8.4E-22      F  F
    638   1   218  1.3735023019E+03 3.8E+10   101 1.4E-22      F  F
    639   1   218  1.3732997015E+03 6.8E+10   101 2.9E-23      F  F
 
   Iter Phase Ninf   Infeasibility   RGmax    NSB   Step InItr MX OK
    640   1   218  1.3724327732E+03 1.1E+10   101 5.8E-21      F  F
    641   1   218  1.3715105831E+03 2.3E+10   101 1.3E-21      F  F
    642   1   218  1.3709892776E+03 3.0E+10   101 5.0E-22      F  F
    643   1   218  1.3699786334E+03 2.6E+10   101 1.1E-21      F  F
    644   1   218  1.3692976860E+03 3.4E+10   101 4.7E-22      F  F
    645   1   218  1.3682476796E+03 2.6E+10   101 1.2E-21      F  F
    646   1   218  1.3667231140E+03 3.4E+10   101 8.5E-22      T  T
    647   1   218  1.3667232537E+03 3.5E+01   106 7.8E-03    3 F  F
    648   1   218  1.3667224431E+03 3.7E+00   106 3.8E-01    1 F  F
    649   1   218  1.3667224431E+03 1.2E+01   106 4.0E-11      T  T
 
   Iter Phase Ninf   Infeasibility   RGmax    NSB   Step InItr MX OK
    650   1   217  1.3667218219E+03 3.2E+01   105 8.6E-07      T  T
    651   1   216  1.3666544293E+03 3.7E+00   104 8.8E-04      T  T
    652   1   216  1.3666541098E+03 1.1E+01   104 2.4E-06      T  T
    653   1   215  1.3663739699E+03 2.7E+00   103 1.0E+00    3 T  T
    654   1   215  1.3628255202E+03 7.5E+06   100 1.6E-01    4 F  F
    655   1   215  1.3621656962E+03 1.4E+07   101 4.3E-01    4 F  F
    656   1   215  1.3617732975E+03 2.7E+00   101 6.2E-03      T  T
    657   1   215  1.3612988793E+03 2.7E+00   100 7.6E-03      T  T
    658   1   215  1.3578495726E+03 2.7E+00    99 5.5E-02      T  T
    659   1   214  1.3491690575E+03 2.7E+00    98 1.4E-01      T  T
 
   Iter Phase Ninf   Infeasibility   RGmax    NSB   Step InItr MX OK
    660   1   214  1.3412930034E+03 1.6E+05    97 3.6E-01    3 F  F
    661   1   214  1.3392471941E+03 5.4E+05    99 1.3E-01    3 F  F
    662   1   214  1.3380336121E+03 1.0E+06    99 8.9E-13      F  F
    663   1   213  1.3380334670E+03 7.1E+01    99 3.9E-08      T  T
    664   1   212  1.3380333972E+03 5.3E+00    99 4.1E-07      T  T
    665   1   211  1.3380332890E+03 5.3E+00    98 7.3E-07      T  T
    666   1   211  1.3355526621E+03 5.3E+00    97 1.7E-02      T  T
    667   1   210  1.3155325673E+03 5.3E+00    96 1.4E-01      T  T
    668   1   207  1.3107844750E+03 5.3E+00    95 1.0E+00    3 T  T
    669   1   207  1.2746038728E+03 2.1E+05    92 5.7E-01    8 F  F
 
   Iter Phase Ninf   Infeasibility   RGmax    NSB   Step InItr MX OK
    670   1   204  1.2745461129E+03 5.8E+02    92 1.0E+00    4 T  T
    671   1   204  1.2744077501E+03 9.9E+02    97 1.6E-02    8 F  F
    672   1   204  1.2743595608E+03 9.1E+02    97 2.3E-02    1 F  F
    673   1   204  1.2742676081E+03 1.5E+03    97 1.4E-08      F  F
    674   1   204  1.2728225511E+03 1.4E+04    97 3.0E-09      F  F
    675   1   204  1.2728016534E+03 6.9E+02    98 3.0E-08      T  T
    676   1   204  1.2727465687E+03 8.9E+02    97 3.6E-08      T  T
    677   1   204  1.2727262453E+03 1.6E+03    96 4.5E-09      T  T
    678   1   204  1.2726818806E+03 1.9E+03    95 1.1E-08      F  F
    679   1   204  1.2726794481E+03 3.9E+01    98 5.0E-07      T  T
 
   Iter Phase Ninf   Infeasibility   RGmax    NSB   Step InItr MX OK
    680   1   204  1.2726488609E+03 3.9E+01    97 6.0E-06      F  F
    681   1   204  1.2726277758E+03 4.1E+01    97 5.3E-06      T  T
    682   1   204  1.2725786572E+03 4.5E+01    96 4.7E-02    3 F  F
    683   1   204  1.2724834840E+03 2.1E+01    97 1.9E-01    1 F  F
    684   1   204  1.2723034128E+03 2.7E+01    97 7.3E-05      T  T
    685   1   204  1.2721913886E+03 5.2E+01    96 1.7E-05      F  F
    686   1   204  1.2719641430E+03 7.8E+01    96 1.5E-05      F  F
    687   1   204  1.2717035717E+03 2.1E+01    96 4.3E-04      F  F
    688   1   204  1.2711743313E+03 2.1E+01    96 8.7E-04      F  F
    689   1   204  1.2710814593E+03 3.9E+01    96 2.6E-05      F  F
 
   Iter Phase Ninf   Infeasibility   RGmax    NSB   Step InItr MX OK
    690   1   204  1.2653876258E+03 2.1E+01    96 9.4E-03      F  F
    691   1   203  1.2483059995E+03 2.1E+01    96 2.8E-02      T  T
    692   1   202  1.2474432642E+03 5.3E+00    95 5.8E-03      T  T
    693   1   201  1.2430562627E+03 5.3E+00    94 3.0E-02      T  T
    694   1   201  1.2421606757E+03 2.1E+03    95 2.3E-02    3 F  F
    695   1   201  1.2317210881E+03 1.1E+01    97 1.9E-01    4 F  F
    696   1   201  1.2317206722E+03 5.3E+00    97 3.4E-06      T  T
    697   1   201  1.2317165652E+03 5.3E+00    96 3.4E-05      T  T
    698   1   201  1.2243698331E+03 5.3E+00    95 6.1E-02      F  F
    699   1   201  1.2078833570E+03 5.3E+00    95 1.4E-01      T  T
 
   Iter Phase Ninf   Infeasibility   RGmax    NSB   Step InItr MX OK
    700   1   201  1.1763071930E+03 5.3E+00    94 2.6E-01      F  F
    701   1   200  1.1524085566E+03 2.1E+01    94 3.1E-02      T  T
    702   1   200  1.0783218531E+03 1.9E+06    93 6.2E-01    3 F  F
    703   1   200  1.0660257431E+03 3.1E+01    97 1.2E-01    6 T  T
    704   1   195  9.8495587773E+02 3.2E+01    96 1.0E+00    8 T  T
    705   1   195  9.8428805784E+02 1.9E+02    95 1.1E-02    5 F  F
    706   1   194  9.8344738462E+02 2.1E+01    95 1.0E+00    2 T  T
    707   1   193  8.7591535121E+02 2.1E+01    93 1.2E-03    5 T  T
    708   1   193  8.7521633252E+02 4.6E+04    94 1.6E-02    5 F  F
    709   1   192  8.7516443615E+02 2.1E+01    94 1.5E-05      T  T
 
   Iter Phase Ninf   Infeasibility   RGmax    NSB   Step InItr MX OK
    710   1   192  8.7487330317E+02 2.1E+01    93 8.5E-05      T  T
    711   1   192  8.6632767008E+02 2.1E+01    92 2.5E-03      T  T
    712   1   191  8.1649508646E+02 2.1E+01    91 1.4E-02      T  T
    713   1   190  7.8788551369E+02 5.3E+00    90 2.5E-02    2 T  T
    714   1   189  7.8012654961E+02 5.3E+00    89 2.2E-03    2 T  T
    715   1   188  7.7531846371E+02 5.3E+00    88 1.7E-03    2 T  T
    716   1   187  7.7440265407E+02 4.3E+01    87 1.6E-04      T  T
    717   1   186  7.7038937290E+02 4.3E+01    86 7.0E-04      T  T
    718   1   185  7.6968530486E+02 4.3E+01    85 1.8E-04      T  T
    719   1   184  7.6827410790E+02 4.3E+01    84 6.8E-04      T  T
 
   Iter Phase Ninf   Infeasibility   RGmax    NSB   Step InItr MX OK
    720   1   184  7.6073505833E+02 5.3E+00    83 3.0E-02      F  F
    721   1   183  7.6066365631E+02 1.5E+01    83 1.5E-04      T  T
    722   1   183  7.4300953664E+02 5.3E+00    82 7.1E-02      F  F
    723   1   183  6.8043687848E+02 5.3E+00    82 2.5E-01      F  F
    724   1   182  5.8105751333E+02 1.1E+01    82 1.0E-01      T  T
    725   1   179  5.1660922489E+02 1.1E+01    81 1.0E+00    3 T  T
    726   1   179  4.5081231813E+02 1.1E+05    78 7.5E-01    8 F  F
    727   1   173  4.2113314116E+02 7.2E+00    80 1.0E+00    6 T  T
    728   1   173  3.6590773244E+02 2.5E-01    74 1.2E-01    6 F  F
    729   1   169  2.9257424954E+02 2.1E+01    76 1.0E+00    4 T  T
 
   Iter Phase Ninf   Infeasibility   RGmax    NSB   Step InItr MX OK
    730   1   169  2.9236722405E+02 7.2E+02    82 2.7E-02   12 F  F
    731   1   169  2.9218700905E+02 1.0E+00    82 1.0E+00    7 T  T
    732   1   169  2.8986110400E+02 1.0E+00    75 7.9E-02    5 F  F
    733   1   169  2.8794706305E+02 4.6E+00    75 1.0E+00    1 T  T
    734   1   162  2.8713695824E+02 5.6E+01    80 1.0E+00    7 T  T
    735   1   162  2.8628327446E+02 5.3E+01    81 5.6E-01    9 F  F
    736   1   154  2.8488375057E+02 3.4E+00    81 1.0E+00    9 T  T
    737   1   154  2.7680361027E+02 4.3E+01    81 3.7E-01    9 F  F
    738   1   154  2.7560577327E+02 1.3E+01    82 1.9E-01    8 F  F
    739   1   154  2.7560570377E+02 2.1E+00    82 2.8E-06      T  T
 
   Iter Phase Ninf   Infeasibility   RGmax    NSB   Step InItr MX OK
    740   1   153  2.7560553423E+02 2.1E+00    81 7.1E-06      T  T
    741   1   152  2.7560548821E+02 2.1E+00    80 2.0E-06      T  T
    742   1   151  2.7560283406E+02 2.1E+00    79 1.2E-04      T  T
    743   1   150  2.7560175433E+02 2.1E+00    78 5.2E-05      T  T
    744   1   149  2.7055771211E+02 2.1E+00    77 2.6E-01      T  T
    745   1   146  2.6169857755E+02 1.1E+00    77 1.0E+00    3 T  T
    746   1   140  2.3494688057E+02 1.9E+00    78 1.0E+00    8 T  T
    747   1   140  2.3390851856E+02 2.7E+02    73 1.5E-02   13 F  F
    748   1   140  2.3104365574E+02 1.0E+00    73 4.7E-01    3 F  F
    749   1   139  2.3042386689E+02 1.0E+00    73 2.0E-02      T  T
 
   Iter Phase Ninf   Infeasibility   RGmax    NSB   Step InItr MX OK
    750   1   139  2.3041925637E+02 1.0E+00    72 1.5E-04      T  T
    751   1   138  2.2406392490E+02 1.0E+00    71 2.1E-01      T  T
    752   1   138  2.1610313572E+02 1.0E+00    70 2.7E-01      F  F
    753   1   137  2.0814372654E+02 1.0E+00    70 2.7E-01      T  T
    754   1   134  1.8119749712E+02 1.0E+00    69 1.0E+00    3 T  T
    755   1   128  1.7233183668E+02 1.0E+00    66 1.0E+00    6 T  T
    756   1   118  1.6841882217E+02 2.0E+00    60 1.0E+00   10 T  T
    757   1   118  1.6599469949E+02 2.0E+00    50 2.3E-01   14 F  F
    758   1   113  1.6449775931E+02 1.0E+00    50 1.0E+00    5 T  T
    759   1   113  1.6189144483E+02 1.5E+00    45 1.9E-01   10 F  F
 
   Iter Phase Ninf   Infeasibility   RGmax    NSB   Step InItr MX OK
    760   1   113  1.6090206297E+02 1.5E+00    45 8.4E-01    3 F  F
    761   1   112  1.6089755116E+02 1.0E+00    45 4.6E-04      T  T
    762   1   111  1.6085605680E+02 1.0E+00    44 4.7E-03      T  T
    763   1   110  1.6062308954E+02 1.0E+00    43 3.0E-02      T  T
    764   1   109  1.6029576187E+02 1.0E+00    42 4.9E-02      T  T
    765   1   108  1.5990143635E+02 1.0E+00    41 6.9E-02      T  T
    766   1   106  1.5903823292E+02 1.5E+00    40 1.0E+00    3 T  T
    767   1   106  1.5854104943E+02 6.4E+01    39 2.7E-02    8 F  F
    768   1   106  1.5831633332E+02 2.1E+00    39 1.9E-01    3 F  F
    769   1   106  1.5831461159E+02 2.1E+00    39 1.5E-04      F  F
 
   Iter Phase Ninf   Infeasibility   RGmax    NSB   Step InItr MX OK
    770   1   105  1.5830812530E+02 3.3E+01    39 5.9E-06      T  T
    771   1   105  1.5829249680E+02 3.2E+01    39 1.5E-05      F  F
    772   1   105  1.5829249680E+02 2.1E+00    80 0.0E+00      T  T
    773   1   105  1.5780670307E+02 2.1E+00    39 5.5E-02      F  F
    774   1   105  1.5780670307E+02 2.1E+00    40 0.0E+00      T  T
    775   1   105  1.5780670307E+02 2.1E+00    40 0.0E+00      T  T
    776   1   105  1.5780670307E+02 2.1E+00    40 0.0E+00      T  T
    777   1   105  1.5780670307E+02 2.1E+00    40 0.0E+00      T  T
    778   1   105  1.5780670307E+02 2.1E+00    40 0.0E+00      T  T
    779   1   105  1.5780670307E+02 2.1E+00    40 0.0E+00      T  T
 
   Iter Phase Ninf   Infeasibility   RGmax    NSB   Step InItr MX OK
    780   1   105  1.5780670307E+02 2.1E+00    40 0.0E+00      T  T
    781   1   105  1.5780670307E+02 2.1E+00    40 0.0E+00      T  T
    782   1   104  1.5726187351E+02 2.1E+00    40 5.5E-02      T  T
    783   1   104  1.5618717825E+02 2.1E+00    39 1.2E-01      F  F
    784   1   104  1.5416612741E+02 2.1E+00    39 2.5E-01      F  F
    785   1   103  1.5013377861E+02 2.1E+00    39 5.6E-01      T  T
    786   1   102  1.4536078595E+02 1.0E+00    38 1.6E+00      T  T
    787   1    99  1.3807724708E+02 1.0E+00    37 1.0E+00    3 T  T
    788   1    99  1.3715974958E+02 3.4E+03    37 6.2E-02    8 F  F
    789   1    99  1.3532091612E+02 2.0E+00    37 2.5E-01    3 F  F
 
   Iter Phase Ninf   Infeasibility   RGmax    NSB   Step InItr MX OK
    790   1    98  1.3531915822E+02 2.0E+00    37 1.7E-04      T  T
    791   1    98  1.3179926118E+02 2.0E+00    36 3.9E-01      F  F
    792   1    97  1.2980446182E+02 2.0E+00    36 2.2E-01      T  T
    793   1    96  1.2949953930E+02 2.0E+00    35 3.8E-02      T  T
    794   1    95  1.2937428435E+02 2.0E+00    34 1.8E-02      T  T
    795   1    95  1.2867607531E+02 1.0E+00    33 2.5E-01      F  F
    796   1    95  1.2659363272E+02 1.0E+00    33 1.1E+00      F  F
    797   1    95  1.2394936201E+02 2.1E+00    33 3.6E-01      F  F
    798   1    94  1.2307539822E+02 1.0E+00    33 1.5E-01      T  T
    799   1    94  1.2307539864E+02 3.0E+10    59 0.0E+00    2 F  F
 
   Iter Phase Ninf   Infeasibility   RGmax    NSB   Step InItr MX OK
    800   1    94  1.2307461827E+02 5.0E+06    45 2.5E-03    1 F  F
    801   1    94  1.2303529739E+02 1.7E+06    41 1.4E-14      T  T
    802   1    94  1.2303441235E+02 1.7E+06    40 3.2E-16      T  T
    803   1    93  1.2167501914E+02 1.7E+06    39 4.8E-13      T  T
    804   1    92  1.1854765824E+02 5.3E+06    37 1.1E-13      T  T
    805   1    91  1.1789495944E+02 1.3E+00    34 1.0E+00    3 T  T
    806   1    91  1.1708911263E+02 2.1E+02    30 3.1E-01    4 F  F
    807   1    89  1.1671425742E+02 1.0E+00    30 1.0E+00    2 T  T
    808   1    89  1.1591569278E+02 1.5E+05    28 1.2E-01    6 F  F
    809   1    89  1.1572806448E+02 3.3E+02    28 7.3E-01    3 F  F
 
   Iter Phase Ninf   Infeasibility   RGmax    NSB   Step InItr MX OK
    810   1    88  1.1572805681E+02 2.3E+00    28 8.7E-07      T  T
    811   1    88  1.1533317606E+02 1.0E+00    27 1.2E-01      T  T
    812   1    88  1.1527560402E+02 1.0E+00    26 1.6E-02      T  T
    813   1    88  1.1527560403E+02 5.6E+00    54 0.0E+00      T  T
    814   1    88  1.1527245712E+02 5.6E+00    26 8.6E-05      T  T
    815   1    88  1.1527245717E+02 5.3E+00    46 0.0E+00      T  T
    816   1    88  1.1527099501E+02 4.9E+00    28 1.0E+00    3 T  T
    817   1    87  1.1006469443E+02 2.0E+00    26 1.0E+00    1 T  T
    818   1    86  1.0712479922E+02 8.7E+03    29 1.0E+00    5 T  T
    819   1    86  1.0701173030E+02 2.1E+04    62 2.5E-01   10 F  F
 
   Iter Phase Ninf   Infeasibility   RGmax    NSB   Step InItr MX OK
    820   1    86  1.0700722980E+02 3.8E+00    40 6.6E-02    3 T  T
    821   1    86  1.0700346119E+02 3.8E+00    39 1.0E+00    2 T  T
    822   1    86  1.0698098848E+02 9.8E+00    38 2.3E-01    5 T  T
    823   1    86  1.0697975374E+02 1.0E+01    36 2.9E-03    5 T  T
    824   1    86  1.0697720988E+02 1.0E+01    35 1.0E+00    3 T  T
    825   1    86  1.0697566963E+02 5.1E-01    32 1.5E-04    3 T  T
    826   1    86  1.0675461149E+02 3.8E+00    31 2.3E-02    4 T  T
    827   1    86  1.0650113467E+02 5.6E+00    30 1.0E+00    4 T  T
    828   1    86  1.0566636374E+02 3.6E+03    30 6.4E-03    6 T  T
    829   1    86  1.0566495867E+02 8.7E+02    53 4.0E-04    6 F  F
 
   Iter Phase Ninf   Infeasibility   RGmax    NSB   Step InItr MX OK
    830   1    86  1.0522932764E+02 2.0E+00    33 1.0E+00    2 T  T
    831   1    86  1.0237385004E+02 5.1E-01    31 2.0E-01    4 F  F
    832   1    84  9.9342462030E+01 1.0E+00    33 1.0E+00    3 T  T
    833   1    84  9.3304076148E+01 1.4E+02    31 6.7E-01    7 F  F
    834   1    82  9.1576571418E+01 2.0E+00    31 1.0E+00    5 T  T
    835   1    74  8.4826103716E+01 3.8E+00    27 1.0E+00    8 T  T
    836   1    74  7.6726873898E+01 2.0E+00    28 3.0E-01   13 F  F
    837   1    74  7.1711684060E+01 2.0E+00    27 4.0E-01    4 F  F
    838   1    73  7.1242873840E+01 2.0E+00    27 2.7E-02      T  T
    839   1    73  6.9974680342E+01 2.0E+00    26 7.7E-02      T  T
 
   Iter Phase Ninf   Infeasibility   RGmax    NSB   Step InItr MX OK
    840   1    72  6.4735761907E+01 1.5E+00    25 4.2E-01      T  T
    841   1    71  6.4732434637E+01 1.5E+00    24 3.0E-04      T  T
    842   1    70  6.4727998825E+01 1.5E+00    23 5.1E-04      T  T
    843   1    69  6.4541534084E+01 1.5E+00    22 2.9E-02      T  T
    844   1    69  6.3281214257E+01 1.0E+00    21 3.1E-01      F  F
    845   1    68  6.2020894473E+01 1.0E+00    21 3.1E-01      T  T
    846   1    65  5.7988817148E+01 2.0E+00    21 1.0E+00    3 T  T
    847   1    65  5.3518960422E+01 1.8E+00    24 2.5E-01    8 F  F
    848   1    59  4.5949249700E+01 1.6E+00    24 1.0E+00    3 T  T
    849   1    59  4.3867670036E+01 1.6E+00    21 2.5E-01    8 F  F
 
   Iter Phase Ninf   Infeasibility   RGmax    NSB   Step InItr MX OK
    850   1    59  4.3333920790E+01 2.8E+00    21 1.9E-01    3 F  F
    851   1    59  4.2847406304E+01 1.4E+00    21 6.7E-02      T  T
    852   1    58  4.1090531638E+01 1.4E+00    20 2.4E-01      T  T
    853   1    57  4.1060964616E+01 1.4E+00    19 5.6E-03      T  T
    854   1    56  4.1041611046E+01 1.4E+00    18 5.9E-03      T  T
    855   1    56  4.0377942898E+01 1.0E+00    17 5.1E-01      F  F
    856   1    55  3.9324203227E+01 1.0E+00    17 8.2E-01      T  T
    857   1    55  3.8649222329E+01 2.5E-01    16 2.4E-01    3 F  F
    858   1    55  3.8526603128E+01 1.6E+02    17 1.0E-01    2 F  F
    859   1    54  3.8525800684E+01 1.0E+00    23 3.8E-04      T  T
 
   Iter Phase Ninf   Infeasibility   RGmax    NSB   Step InItr MX OK
    860   1    53  3.7847991150E+01 1.0E+00    22 6.2E-01      T  T
    861   1    53  3.7759609232E+01 2.5E-01    21 9.4E-01      F  F
    862   1    53  3.7736778503E+01 2.5E-01    21 2.4E-01      T  T
    863   1    53  3.7708319188E+01 2.5E-01    21 3.0E-01      T  T
    864   1    53  3.7684038391E+01 2.5E-01    21 2.6E-01      T  T
    865   1    53  3.7582743045E+01 5.0E-01    17 1.0E+00    3 T  T
    866   1    53  3.6039873427E+01 1.2E+03    18 1.8E-01    8 F  F
    867   1    53  3.4985896450E+01 2.1E+00    22 2.5E-01    3 F  F
    868   1    53  3.4985314686E+01 2.1E+00    24 4.8E-05      T  T
    869   1    52  3.4983074210E+01 2.1E+00    23 2.0E-04      T  T
   Elapsed time       30.3 seconds.
 
   Iter Phase Ninf   Infeasibility   RGmax    NSB   Step InItr MX OK
    870   1    52  3.2087259931E+01 2.1E+00    22 2.9E-01      T  T
    871   1    51  3.2031959064E+01 2.1E+00    16 5.5E-03      T  T
    872   1    50  3.1994610676E+01 2.1E+00    15 6.8E-03      T  T
    873   1    49  3.1586744791E+01 1.0E+00    14 3.9E-01      T  T
    874   1    49  3.1226889248E+01 1.0E+00    16 6.0E-02    3 F  F
    875   1    48  2.7204436332E+01 2.1E+00    15 1.0E+00    1 T  T
    876   1    48  2.7000656627E+01 1.0E+00    17 7.9E-02    5 F  F
    877   1    44  2.6205310507E+01 9.2E-01    17 1.0E+00    4 T  T
    878   1    44  2.5963393696E+01 1.3E+00    31 9.7E-02    6 F  F
    879   1    36  2.5952582612E+01 1.0E+00    30 1.0E+00    8 T  T
 
   Iter Phase Ninf   Infeasibility   RGmax    NSB   Step InItr MX OK
    880   1    32  2.4270510459E+01 1.0E+00    22 1.0E+00    4 T  T
    881   1    32  2.4063671562E+01 1.3E+00    23 5.4E-02   11 F  F
    882   1    31  2.3752515248E+01 1.2E+00    23 1.0E+00    3 T  T
    883   1    27  2.2242790557E+01 1.2E+00    20 1.0E+00    7 T  T
    884   1    27  2.2039833188E+01 2.6E+05    16 2.7E-02   12 F  F
    885   1    27  2.1893162362E+01 4.2E+04    13 1.5E-01    2 F  F
    886   1    27  2.1749231598E+01 8.5E+04    12 1.5E-11      F  F
    887   1    26  2.1748509288E+01 1.2E+00    13 1.3E-04      T  T
    888   1    26  2.1390477582E+01 1.2E+00    12 8.1E-02      F  F
    889   1    26  2.1390477582E+01 2.4E-01    15 0.0E+00      T  T
 
   Iter Phase Ninf   Infeasibility   RGmax    NSB   Step InItr MX OK
    890   1    26  2.1388942540E+01 1.3E-01    13 1.2E-02      T  T
    891   1    26  2.1117649048E+01 1.3E-01    12 2.1E+00      F  F
    892   1    25  1.9424069399E+01 5.0E-01    12 2.8E+00      T  T
    893   1    25  1.8024209799E+01 2.5E-01    11 4.0E+00      T  T
    894   1    23  1.4907267787E+01 1.1E+00    10 1.0E+00    3 T  T
    895   1    23  1.4247721406E+01 2.5E-01    12 3.1E-01    8 F  F
    896   1    20  1.2961062886E+01 1.0E+00     8 1.0E+00    3 T  T
    897   1    20  1.2923697313E+01 1.3E-01    10 1.6E-02    8 F  F
    898   1    19  1.2904953997E+01 1.0E+00     8 1.0E+00    2 T  T
    899   1    19  1.2687661213E+01 1.0E+00    16 9.3E-02    6 F  F
 
   Iter Phase Ninf   Infeasibility   RGmax    NSB   Step InItr MX OK
    900   1    19  1.2579421424E+01 1.0E+00    16 1.0E+00    2 T  T
    901   1    19  1.2202603555E+01 1.0E+00    14 1.9E-01    4 F  F
    902   1    19  1.1780859373E+01 1.0E+00    16 4.1E-01    5 F  F
    903   1    18  1.1758809808E+01 1.0E+00    14 1.1E-02      T  T
    904   1    18  1.1165228259E+01 1.0E+00    13 5.6E-01      T  T
    905   1    18  1.1141361725E+01 1.0E+00    12 2.3E-02      T  T
    906   1    17  1.1103903274E+01 1.0E+00    12 3.6E-02      T  T
    907   1    17  1.1096332391E+01 2.2E-01    11 1.6E-01      T  T
    908   1    17  1.1056715145E+01 2.2E-01    11 1.9E-01    3 F  F
    909   1    17  1.1056688567E+01 1.3E+00    14 1.3E-03    2 F  F
 
   Iter Phase Ninf   Infeasibility   RGmax    NSB   Step InItr MX OK
    910   1    17  1.1056666252E+01 1.0E+00    12 1.9E-05      T  T
    911   1    17  1.1055427359E+01 4.4E-01    11 6.4E-03      T  T
    912   1    17  1.0886327818E+01 4.4E-01    10 8.7E-01      F  F
    913   1    16  1.0613099365E+01 4.4E-01    12 1.4E+00      T  T
    914   1    16  1.0613053953E+01 1.3E+00    12 2.5E-05      F  F
    915   1    15  1.0569434517E+01 4.4E-01    12 2.3E-01      T  T
    916   1    15  1.0569380971E+01 7.7E-01    23 9.4E-02    3 F  F
    917   1    15  1.0569326131E+01 1.6E-02    15 1.0E+00    1 T  T
    918   1    15  1.0569151741E+01 2.5E+00    16 9.4E-02    4 F  F
    919   1    15  1.0568860533E+01 6.4E+00    16 9.4E-02    2 F  F
 
   Iter Phase Ninf   Infeasibility   RGmax    NSB   Step InItr MX OK
    920   1    15  1.0568765398E+01 1.6E-02    16 3.0E-01      T  T
    921   1    15  1.0568678427E+01 1.6E-02    15 2.8E-01      T  T
    922   1    15  1.0567400791E+01 1.6E-02    14 4.1E+00      F  F
    923   1    15  1.0565464075E+01 1.6E-02    14 6.1E+00      F  F
    924   1    15  1.0561833577E+01 1.6E-02    14 1.2E+01      F  F
    925   1    15  1.0556792970E+01 1.6E-02    14 1.6E+01      F  F
    926   1    15  1.0549509764E+01 1.6E-02    14 2.3E+01      F  F
    927   1    14  1.0534950336E+01 1.6E-02    14 4.6E+01      T  T
    928   1    13  1.0531000681E+01 1.6E-02    13 1.3E+01      T  T
    929   1    10  1.0523594815E+01 1.6E-02    12 1.0E+00    3 T  T
 
   Iter Phase Ninf   Infeasibility   RGmax    NSB   Step InItr MX OK
    930   1     8  1.0491895720E+01 1.9E-02    18 1.0E+00    9 T  T
    931   1     8  1.0458862037E+01 3.6E-01    16 1.9E-02   13 F  F
    932   1     8  1.0458862037E+01 4.5E-01    13 0.0E+00    3 F  F
    933   1     8  1.0458862037E+01 4.5E-01    12 0.0E+00    1 F  F
    934   1     8  1.0447594882E+01 1.6E-02     8 1.0E+00    1 T  T
    935   1     8  1.0365001413E+01 6.3E-02     8 1.1E-01    2 T  T
    936   1     8  1.0341049460E+01 6.2E-02     8 1.8E-02    2 T  T
    937   1     8  1.0145831858E+01 3.9E-03     7 1.4E-01    1 F  F
    938   1     7  8.9952153327E+00 1.0E+00     7 1.1E+00      T  T
    939   1     7  8.9952142618E+00 3.9E-03     7 2.7E-02      T  T
 
   Iter Phase Ninf   Infeasibility   RGmax    NSB   Step InItr MX OK
    940   1     7  8.9900121944E+00 3.9E-03     6 1.4E+02      F  F
    941   1     7  8.9855760933E+00 7.8E-03     6 3.8E+01      F  F
    942   1     7  8.9722354671E+00 7.8E-03     6 1.1E+02      F  F
    943   1     7  8.9577396988E+00 7.8E-03     5 1.3E+02      F  F
    944   1     7  8.9365566563E+00 7.8E-03     5 1.9E+02      F  F
    945   1     7  8.8902462458E+00 7.8E-03     7 4.2E+02      F  F
    946   1     7  8.8731678957E+00 7.8E-03     7 1.6E+02      T  T
    947   1     7  8.8141784790E+00 6.2E-02     7 8.5E+00      F  F
    948   1     7  8.6252105837E+00 6.2E-02     7 3.9E+01      F  F
    949   1     7  8.3663723301E+00 6.2E-02     7 5.3E+01      F  F
 
   Iter Phase Ninf   Infeasibility   RGmax    NSB   Step InItr MX OK
    950   1     6  7.9296526239E+00 6.2E-02     7 8.9E+01      T  T
    951   1     5  7.9273459631E+00 3.1E-03     9 1.0E+00    3 T  T
    952   1     5  7.9100282132E+00 2.8E-03     8 1.4E-01    4 F  F
    953   1     5  7.9096277128E+00 2.8E-03     9 3.1E-02    3 F  F
    954   1     5  7.9096273865E+00 2.4E-03     9 1.8E-02      T  T
    955   1     5  7.9096273617E+00 2.4E-03     8 2.0E-03      T  T
    956   1     5  7.9096273495E+00 2.4E-03     7 1.7E-03      T  T
    957   1     5  7.9096271919E+00 2.5E-03     7 2.1E-02      T  T
    958   1     5  7.9096270284E+00 2.7E-03     7 2.0E-02      T  T
    959   1     5  7.9096264987E+00 3.3E-03     9 1.0E+00    3 T  T
 
   Iter Phase Ninf   Infeasibility   RGmax    NSB   Step InItr MX OK
    960   1     5  7.9096238519E+00 5.7E-03    14 1.0E+00    8 T  T
    961   1     5  7.8860984998E+00 8.4E-03     6 3.5E-01    1 F  F
    962   1     5  7.8154660653E+00 6.1E-03     7 1.0E+00    2 T  T
    963   1     5  7.7954783693E+00 7.4E-03    11 3.6E-01    5 F  F
    964   1     5  7.7954682532E+00 7.4E-03    10 1.3E-01    4 T  T
    965   1     5  7.7953885297E+00 7.4E-03    10 1.0E+00    4 T  T
    966   1     5  7.6523279613E+00 7.7E-02     7 1.0E+00    1 T  T
    967   1     5  7.6366636377E+00 7.9E-03     6 4.8E-03    4 F  F
    968   1     5  7.6036913348E+00 3.4E+02     5 2.7E-02    1 F  F
    969   1     4  6.2995016659E+00 1.0E+00     5 1.3E+00      T  T
 
   Iter Phase Ninf   Infeasibility   RGmax    NSB   Step InItr MX OK
    970   1     4  6.2994980135E+00 1.6E-02     8 5.8E-03      T  T
    971   1     4  6.2994978441E+00 1.6E-02     7 3.0E-04      T  T
    972   1     4  6.2994973667E+00 1.6E-02     6 9.7E-04      T  T
    973   1     4  6.2947110302E+00 1.6E-02     5 1.1E+01      T  T
    974   1     4  6.2724986085E+00 6.1E-02     4 1.2E-02    3 F  F
    975   1     4  6.2376286541E+00 4.2E+02     4 2.6E-02    1 F  F
    976   1     4  6.1757036881E+00 3.3E-02     4 5.2E+01      F  F
    977   1     4  6.0622356413E+00 3.3E-02     4 9.5E+01      T  T
    978   1     4  5.9334812039E+00 3.3E-02     3 1.2E+02      F  F
    979   1     4  5.6806175817E+00 2.6E-01     3 3.7E+00      F  F
 
   Iter Phase Ninf   Infeasibility   RGmax    NSB   Step InItr MX OK
    980   1     4  5.2772690561E+00 1.3E-01     3 3.6E+01      F  F
    981   1     4  5.2655560170E+00 1.6E+02     6 3.4E-07      T  T
    982   1     4  5.2531079873E+00 1.9E+02     6 2.8E-07      T  T
    983   1     4  5.2444477289E+00 2.0E+02     6 1.8E-07      T  T
    984   1     4  5.2216337540E+00 2.0E+02     7 1.0E+00    3 T  T
    985   1     4  5.1362150700E+00 2.8E+02    10 1.0E+00    6 T  T
    986   1     4  4.7135699654E+00 6.7E-02    18 5.7E-01    9 F  F
    987   1     4  4.6413746435E+00 1.0E+00    14 1.0E+00    8 T  T
    988   1     3  4.3993328733E+00 1.0E+00    18 1.0E+00    9 T  T
    989   1     3  4.3963800464E+00 4.1E-01    22 2.0E-03   18 F  F
 
   Iter Phase Ninf   Infeasibility   RGmax    NSB   Step InItr MX OK
    990   1     3  4.3962732719E+00 7.8E-01    18 1.0E+00   11 T  T
    991   1     3  4.3900844513E+00 4.4E-03     7 5.2E-02    4 F  F
    992   1     3  4.3746593326E+00 7.2E-03     7 2.5E-01    2 F  F
    993   1     3  4.3745611276E+00 1.3E-02     7 6.1E-01      T  T
    994   1     3  4.3659597679E+00 7.5E-03     6 1.3E+02      T  T
    995   1     3  4.3396046464E+00 9.2E-03     5 2.5E+02      T  T
    996   1     3  4.1842487275E+00 1.3E-02     4 5.4E+02      T  T
    997   1     3  4.1818164324E+00 2.7E-04     4 8.2E-04    3 F  F
    998   1     3  4.1797120488E+00 5.9E+01     4 1.2E-03    2 F  F
    999   1     3  4.1796864182E+00 3.2E+00     9 1.3E-06      T  T
 
   Iter Phase Ninf   Infeasibility   RGmax    NSB   Step InItr MX OK
   1000   1     3  4.1773766783E+00 1.0E+00     5 2.2E-03      T  T
   1001   1     3  4.1752656437E+00 1.0E+00     3 2.0E-03      T  T
   1002   1     3  4.1744302609E+00 1.0E+00     5 8.2E-04      T  T
   1003   1     3  4.1572753477E+00 9.6E-03     5 5.8E-03    3 F  F
   1004   1     2  2.8695356006E+00 1.3E-03     3 1.0E+00    1 T  T
   1005   1     2  2.8695247768E+00 1.3E-03     2 1.0E+00    2 T  T
   1006   1     1  1.2118529200E+00 0.0E+00     1 1.0E+00    1 T  T
   1007   1     1  1.2118526813E+00 2.3E-04    12 3.8E-03   12 F  F
   1008   1     1  1.2118526131E+00 2.5E-06     6 1.0E+00    4 T  T
   1009   1     1  1.2118521313E+00 3.0E-06     9 4.0E-03    7 T  T
 
   Iter Phase Ninf   Infeasibility   RGmax    NSB   Step InItr MX OK
   1010   1     1  1.2118510150E+00 1.5E-04     8 5.0E-03    7 F  F
   1011   1     1  1.2118510062E+00 1.5E-04    11 8.7E-02      T  T
   1012   1     1  1.2118509849E+00 1.4E-04    10 2.7E-01      T  T
   1013   1     1  1.2118509838E+00 1.3E-04     9 1.9E-02      T  T
   1014   1     1  1.2118509830E+00 1.3E-04     8 2.0E-02      T  T
   1015   1     1  1.2118509824E+00 1.2E-04     7 2.1E-02      T  T
   1016   1     1  1.2118509821E+00 1.1E-04     6 2.2E-02      T  T
   1017   1     1  1.2118495179E+00 4.6E-06     8 5.0E+04      F  F
   1018   1     1  1.2118475528E+00 7.5E-06     8 2.7E+04      F  F
   1019   1     1  1.2118384552E+00 2.3E-05     8 1.1E+04      F  F
 
   Iter Phase Ninf   Infeasibility   RGmax    NSB   Step InItr MX OK
   1020   1     1  1.2118185647E+00 5.5E-05     8 4.4E+03      F  F
 
 ** Feasible solution. Value of objective =    35.4162776193
 
   Iter Phase Ninf     Objective     RGmax    NSB   Step InItr MX OK
   1021   3        3.5416277937E+01 6.1E+02    19 0.0E+00      T  T
   1022   3        3.5416277937E+01 6.1E+02    19
 
 ** Unbounded solution. A variable has reached 'Infinity'.
    Largest legal value (Rtmaxv) is 1.00E+10
 
--- Reading solution for model sdgfinance
--- SDG USA Model With Unified Demographics and Social.gms(755) 46 Mb  97 secs
--- Executing after solve: elapsed 0:01:40.480
--- SDG USA Model With Unified Demographics and Social.gms(750) 46 Mb
--- Generating DNLP model sdgfinance
--- SDG USA Model With Unified Demographics and Social.gms(755) 67 Mb
--- LOOPS scen = high
---   143,034 rows  145,434 columns  349,795 non-zeroes
---   96,806 nl-code  27,743 nl-non-zeroes
--- SDG USA Model With Unified Demographics and Social.gms(755) 64 Mb
--- Executing CONOPT (Solvelink=2): elapsed 0:01:41.752

CONOPT 3         37.1.0 r07954d5 Released Nov 11, 2021 WEI x86 64bit/MS Window

 
 
    C O N O P T 3   version 3.17K
    Copyright (C)   ARKI Consulting and Development A/S
                    Bagsvaerdvej 246 A
                    DK-2880 Bagsvaerd, Denmark
 
 
   Iter Phase Ninf   Infeasibility   RGmax    NSB   Step InItr MX OK
      0   0        1.9617736483E-10 (Input point)
 
                   Pre-triangular equations:   123996
                   Post-triangular equations:  2161
                   Definitional equations:     15266
 
      1   0        1.4671828271E-10 (After pre-processing)
      2   0        4.7958626850E-14 (After scaling)
 
 ** Feasible solution. Value of objective =    35.4162779366
 
   Iter Phase Ninf     Objective     RGmax    NSB   Step InItr MX OK
      3   3        4.1027944823E+01 3.6E+02    17 1.0E+00    2 F  T
      4   3        4.8831363288E+01 5.2E+00    15 1.0E+00    1 F  T
      5   3        5.1972678892E+01 3.0E+02    15 7.1E-02      F  T
      6   3        5.3153425022E+01 4.1E-01    27 1.7E+00      T  T
      7   3        5.3155920532E+01 2.9E-01    26 5.5E-03      T  T
      8   3        5.3478457967E+01 2.9E-01    25 8.5E-01      T  T
      9   3        5.3829884328E+01 5.3E-01    24 3.0E-01      T  T
     10   3        5.6645507297E+01 4.8E-01    23 1.0E+00    1 T  T
     11   3        5.7585057695E+01 2.4E-01    32 1.0E+00    4 T  T
     12   3        5.8056767359E+01 1.8E-01    28 1.0E+00    7 T  T
 
   Iter Phase Ninf     Objective     RGmax    NSB   Step InItr MX OK
     13   3        6.0390616522E+01 4.2E-01    21 1.0E+00   11 T  T
     14   3        7.2287538227E+01 5.8E+02    10 1.0E+00    2 F  T
     15   3        7.2864834559E+01 8.9E-04    45 2.5E-01    3 F  T
     16   3        7.2864944536E+01 2.0E-02    46 4.4E-01      F  T
     17   3        7.2864950332E+01 4.3E-03    46 5.8E-01      F  T
     18   4        7.2869765017E+01 8.8E-04    46 7.1E+03      T  T
     19   4        7.2873565590E+01 5.6E-02    45 1.3E+00      T  T
     20   4        7.2884719698E+01 5.6E-02    44 4.5E+00      T  T
     21   3        7.3304627244E+01 5.5E-02    43 1.8E+02      F  T
     22   3        7.3337462317E+01 1.1E-02    43 9.6E+01      T  T
 
   Iter Phase Ninf     Objective     RGmax    NSB   Step InItr MX OK
     23   3        7.3448709879E+01 1.1E-02    42 4.7E+02      T  T
     24   3        7.3540062351E+01 8.0E-02    41 3.3E+01      F  T
     25   3        7.3644040962E+01 2.2E-01    41 3.9E+00      F  T
     26   4        7.3659796044E+01 4.7E-02    41 2.2E+00      F  T
     27   4        7.3708520822E+01 5.6E-02    41 1.0E+00    1 F  T
     28   4        7.3741760884E+01 5.4E-02    41 1.0E+00    3 T  T
     29   4        7.3753391264E+01 2.2E-02    40 1.0E+00    8 T  T
     30   4        7.3763993430E+01 7.1E-03    36 1.0E+00   11 T  T
     31   4        7.3770647269E+01 7.7E-03    31 1.0E+00   16 T  T
     32   4        7.3771837350E+01 1.9E-03    21 1.0E+00   19 T  T
 
   Iter Phase Ninf     Objective     RGmax    NSB   Step InItr MX OK
     33   4        7.5401285004E+01 7.8E-05    70 1.0E+00   32 T  T
     34   4        7.6208828496E+01 3.9E-02    57 1.0E+00   25 T  T
     35   4        7.6386840277E+01 3.2E-02    50 1.0E+00   15 F  T
     36   4        7.6398311684E+01 1.6E-02    50 1.0E+00   15 F  T
     37   4        7.6398556273E+01 2.7E-03    50 1.0E+00   27 F  T
     38   4        7.6398604366E+01 2.6E-04    51 1.0E+00   43 F  T
     39   4        7.6398612599E+01 5.4E-05    51 1.0E+00   45 T  T
     40   4        7.6440653413E+01 9.9E-06    70 1.0E+00   56 T  T
     41   4        7.6441346924E+01 3.9E-03    55 1.0E+00   23 T  T
     42   4        7.6441891824E+01 2.6E-03    55 1.0E+00   10 F  T
 
   Iter Phase Ninf     Objective     RGmax    NSB   Step InItr MX OK
     43   4        7.6441901451E+01 2.7E-04    55 1.0E+00   13 F  T
     44   4        7.6491806865E+01 2.8E-06    77 1.0E+00   27 T  T
     45   4        7.6503121138E+01 7.6E-03    68 1.0E+00   28 T  T
     46   4        7.6511334654E+01 2.1E-03    66 1.0E+00   29 T  T
     47   4        7.6514947513E+01 5.7E-04    59 1.0E+00   36 T  T
     48   4        7.6514967938E+01 3.1E-04    54 1.0E+00   26 F  T
     49   4        7.6514968759E+01 1.1E-04    54 1.0E+00   11 F  T
     50   4        7.6536974033E+01 2.2E-06    88 1.0E+00   60 T  T
     51   4        7.6538278507E+01 3.4E-03    68 1.0E+00    6 T  T
     52   4        7.6540221255E+01 1.6E-03    73 1.0E+00   16 F  T
 
   Iter Phase Ninf     Objective     RGmax    NSB   Step InItr MX OK
     53   4        7.6540238303E+01 2.0E-03    70 1.0E+00    3 F  T
     54   4        7.6544130198E+01 1.8E-04    73 1.0E+00   28 T  T
     55   4        7.6546129411E+01 1.8E-03    66 1.0E+00   40 F  T
     56   4        7.6546147147E+01 4.8E-04    63 1.0E+00   28 T  T
     57   4        7.6546346798E+01 2.1E-04    63 1.0E+00   14 F  T
     58   4        7.6546347465E+01 2.0E-04    63 1.0E+00    2 F  T
     59   4        7.6547743262E+01 1.2E-06    84 1.0E+00    7 F  T
     60   4        7.6547757826E+01 1.9E-03    84 1.0E+00    2 F  T
     61   4        7.6550737572E+01 1.9E-05    84 1.0E+00   20 F  T
     62   4        7.6551553257E+01 2.5E-03    79 1.0E+00    5 T  T
 
   Iter Phase Ninf     Objective     RGmax    NSB   Step InItr MX OK
     63   4        7.6551954551E+01 2.5E-04    79 1.0E+00   13 T  T
     64   4        7.6552247940E+01 6.2E-04    77 1.0E+00   16 T  T
     65   4        7.6552285209E+01 3.1E-04    76 1.0E+00   22 F  T
     66   4        7.6552288189E+01 1.3E-05    76 1.0E+00   23 F  T
     67   4        7.6555554203E+01 1.0E-06    98 1.0E+00   43 T  T
     68   4        7.6555560626E+01 5.6E-04    90 1.0E+00   19 F  T
     69   4        7.6555561313E+01 5.8E-06    90 1.0E+00   24 F  T
     70   4        7.6557050124E+01 4.0E-07    99 1.0E+00   39 F  T
     71   4        7.6557053896E+01 3.4E-04    96 1.0E+00    3 F  T
     72   4        7.6557069039E+01 1.1E-06    98 1.0E+00   13 F  T
 
   Iter Phase Ninf     Objective     RGmax    NSB   Step InItr MX OK
     73   4        7.6557069332E+01 8.4E-06    98 1.0E+00   10 F  T
     74   4        7.6557570438E+01 1.1E-07   110 1.0E+00   23 F  T
     75   4        7.6557571222E+01 2.2E-04   109 1.0E+00    7 F  T
     76   4        7.6557571628E+01 3.7E-06   109 1.0E+00   21 F  T
     77   4        7.6557577270E+01 1.1E-07   110 1.0E+00    5 F  T
     78   4        7.6557577271E+01 1.7E-06   110 1.0E+00    1 F  T
     79   4        7.6557577271E+01 7.8E-08   110
 
 ** Optimal solution. Reduced gradient less than tolerance.
 
--- Reading solution for model sdgfinance
--- SDG USA Model With Unified Demographics and Social.gms(755) 64 Mb  70 secs
--- Executing after solve: elapsed 0:02:54.502
--- SDG USA Model With Unified Demographics and Social.gms(786) 64 Mb
--- GDX File (execute_unload) D:\Github\Wi2050\SDG USA Model\usaoutput.gdx
--- SDG USA Model With Unified Demographics and Social.gms(787) 64 Mb

GDXXRW           37.1.0 r07954d5 Released Nov 11, 2021 WEI x86 64bit/MS Window
Input file : D:\Github\Wi2050\SDG USA Model\usaoutput.gdx
Output file: D:\Github\Wi2050\SDG USA Model\usaoutput.xlsx
Total time = 609 Ms
--- SDG USA Model With Unified Demographics and Social.gms(841) 64 Mb
*** Status: Normal completion
--- Job SDG USA Model With Unified Demographics and Social.gms Stop 06/09/22 00:15:28 elapsed 0:02:55.243
